{"C:\\Users\\shubh\\OneDrive\\Desktop\\New folder (2)\\perseo-backend\\src\\index.ts": {"path":"C:\\Users\\shubh\\OneDrive\\Desktop\\New folder (2)\\perseo-backend\\src\\index.ts","statementMap":{"0":{"start":{"line":9,"column":0},"end":{"line":9,"column":16}},"1":{"start":{"line":11,"column":12},"end":{"line":11,"column":21}},"2":{"start":{"line":12,"column":13},"end":{"line":12,"column":37}},"3":{"start":{"line":15,"column":0},"end":{"line":18,"column":4}},"4":{"start":{"line":19,"column":0},"end":{"line":19,"column":24}},"5":{"start":{"line":20,"column":0},"end":{"line":20,"column":48}},"6":{"start":{"line":23,"column":0},"end":{"line":28,"column":3}},"7":{"start":{"line":24,"column":2},"end":{"line":27,"column":5}},"8":{"start":{"line":31,"column":0},"end":{"line":31,"column":35}},"9":{"start":{"line":32,"column":0},"end":{"line":32,"column":28}},"10":{"start":{"line":33,"column":0},"end":{"line":33,"column":26}},"11":{"start":{"line":36,"column":0},"end":{"line":41,"column":3}},"12":{"start":{"line":37,"column":2},"end":{"line":40,"column":5}},"13":{"start":{"line":44,"column":0},"end":{"line":53,"column":3}},"14":{"start":{"line":45,"column":2},"end":{"line":45,"column":71}},"15":{"start":{"line":46,"column":2},"end":{"line":46,"column":66}},"16":{"start":{"line":49,"column":2},"end":{"line":52,"column":3}},"17":{"start":{"line":50,"column":4},"end":{"line":50,"column":50}},"18":{"start":{"line":51,"column":4},"end":{"line":51,"column":78}}},"fnMap":{"0":{"name":"(anonymous_0)","decl":{"start":{"line":23,"column":19},"end":{"line":23,"column":20}},"loc":{"start":{"line":23,"column":32},"end":{"line":28,"column":1}}},"1":{"name":"(anonymous_1)","decl":{"start":{"line":36,"column":13},"end":{"line":36,"column":14}},"loc":{"start":{"line":36,"column":26},"end":{"line":41,"column":1}}},"2":{"name":"(anonymous_2)","decl":{"start":{"line":44,"column":17},"end":{"line":44,"column":20}},"loc":{"start":{"line":44,"column":22},"end":{"line":53,"column":1}}}},"branchMap":{"0":{"loc":{"start":{"line":12,"column":13},"end":{"line":12,"column":37}},"type":"binary-expr","locations":[{"start":{"line":12,"column":13},"end":{"line":12,"column":29}},{"start":{"line":12,"column":33},"end":{"line":12,"column":37}}]},"1":{"loc":{"start":{"line":49,"column":2},"end":{"line":52,"column":3}},"type":"if","locations":[{"start":{"line":49,"column":2},"end":{"line":52,"column":3}}]}},"s":{"0":0,"1":0,"2":0,"3":0,"4":0,"5":0,"6":0,"7":0,"8":0,"9":0,"10":0,"11":0,"12":0,"13":0,"14":0,"15":0,"16":0,"17":0,"18":0},"f":{"0":0,"1":0,"2":0},"b":{"0":[0,0],"1":[0]}}
,"C:\\Users\\shubh\\OneDrive\\Desktop\\New folder (2)\\perseo-backend\\src\\composio\\client.ts": {"path":"C:\\Users\\shubh\\OneDrive\\Desktop\\New folder (2)\\perseo-backend\\src\\composio\\client.ts","statementMap":{"0":{"start":{"line":5,"column":0},"end":{"line":5,"column":16}},"1":{"start":{"line":7,"column":17},"end":{"line":9,"column":2}}},"fnMap":{},"branchMap":{},"s":{"0":0,"1":0},"f":{},"b":{}}
,"C:\\Users\\shubh\\OneDrive\\Desktop\\New folder (2)\\perseo-backend\\src\\db\\supabaseClient.ts": {"path":"C:\\Users\\shubh\\OneDrive\\Desktop\\New folder (2)\\perseo-backend\\src\\db\\supabaseClient.ts","statementMap":{"0":{"start":{"line":4,"column":20},"end":{"line":4,"column":45}},"1":{"start":{"line":5,"column":31},"end":{"line":5,"column":69}},"2":{"start":{"line":7,"column":0},"end":{"line":9,"column":1}},"3":{"start":{"line":8,"column":2},"end":{"line":8,"column":60}},"4":{"start":{"line":12,"column":24},"end":{"line":17,"column":2}},"5":{"start":{"line":20,"column":27},"end":{"line":22,"column":1}},"6":{"start":{"line":21,"column":2},"end":{"line":21,"column":18}}},"fnMap":{"0":{"name":"(anonymous_0)","decl":{"start":{"line":20,"column":27},"end":{"line":20,"column":30}},"loc":{"start":{"line":20,"column":32},"end":{"line":22,"column":1}}}},"branchMap":{"0":{"loc":{"start":{"line":7,"column":0},"end":{"line":9,"column":1}},"type":"if","locations":[{"start":{"line":7,"column":0},"end":{"line":9,"column":1}}]},"1":{"loc":{"start":{"line":7,"column":4},"end":{"line":7,"column":43}},"type":"binary-expr","locations":[{"start":{"line":7,"column":4},"end":{"line":7,"column":16}},{"start":{"line":7,"column":20},"end":{"line":7,"column":43}}]}},"s":{"0":0,"1":0,"2":0,"3":0,"4":0,"5":0,"6":0},"f":{"0":0},"b":{"0":[0],"1":[0,0]}}
,"C:\\Users\\shubh\\OneDrive\\Desktop\\New folder (2)\\perseo-backend\\src\\routes\\chat.ts": {"path":"C:\\Users\\shubh\\OneDrive\\Desktop\\New folder (2)\\perseo-backend\\src\\routes\\chat.ts","statementMap":{"0":{"start":{"line":5,"column":15},"end":{"line":5,"column":31}},"1":{"start":{"line":8,"column":0},"end":{"line":143,"column":3}},"2":{"start":{"line":9,"column":2},"end":{"line":142,"column":3}},"3":{"start":{"line":10,"column":32},"end":{"line":10,"column":40}},"4":{"start":{"line":12,"column":4},"end":{"line":14,"column":5}},"5":{"start":{"line":13,"column":6},"end":{"line":13,"column":80}},"6":{"start":{"line":16,"column":4},"end":{"line":16,"column":63}},"7":{"start":{"line":19,"column":18},"end":{"line":19,"column":75}},"8":{"start":{"line":21,"column":4},"end":{"line":21,"column":59}},"9":{"start":{"line":24,"column":4},"end":{"line":24,"column":63}},"10":{"start":{"line":27,"column":4},"end":{"line":37,"column":5}},"11":{"start":{"line":28,"column":6},"end":{"line":28,"column":56}},"12":{"start":{"line":29,"column":6},"end":{"line":29,"column":54}},"13":{"start":{"line":31,"column":6},"end":{"line":31,"column":52}},"14":{"start":{"line":33,"column":6},"end":{"line":36,"column":8}},"15":{"start":{"line":39,"column":21},"end":{"line":39,"column":25}},"16":{"start":{"line":42,"column":4},"end":{"line":63,"column":5}},"17":{"start":{"line":43,"column":6},"end":{"line":62,"column":7}},"18":{"start":{"line":44,"column":25},"end":{"line":44,"column":52}},"19":{"start":{"line":45,"column":8},"end":{"line":45,"column":54}},"20":{"start":{"line":46,"column":8},"end":{"line":46,"column":59}},"21":{"start":{"line":48,"column":8},"end":{"line":54,"column":10}},"22":{"start":{"line":55,"column":8},"end":{"line":55,"column":58}},"23":{"start":{"line":57,"column":8},"end":{"line":57,"column":54}},"24":{"start":{"line":58,"column":8},"end":{"line":61,"column":10}},"25":{"start":{"line":66,"column":21},"end":{"line":66,"column":41}},"26":{"start":{"line":68,"column":4},"end":{"line":129,"column":5}},"27":{"start":{"line":69,"column":6},"end":{"line":128,"column":7}},"28":{"start":{"line":70,"column":25},"end":{"line":70,"column":52}},"29":{"start":{"line":72,"column":8},"end":{"line":125,"column":9}},"30":{"start":{"line":74,"column":33},"end":{"line":74,"column":75}},"31":{"start":{"line":75,"column":28},"end":{"line":75,"column":76}},"32":{"start":{"line":76,"column":10},"end":{"line":76,"column":54}},"33":{"start":{"line":77,"column":15},"end":{"line":125,"column":9}},"34":{"start":{"line":79,"column":32},"end":{"line":79,"column":90}},"35":{"start":{"line":80,"column":27},"end":{"line":80,"column":74}},"36":{"start":{"line":81,"column":10},"end":{"line":81,"column":68}},"37":{"start":{"line":82,"column":10},"end":{"line":82,"column":60}},"38":{"start":{"line":84,"column":32},"end":{"line":84,"column":72}},"39":{"start":{"line":85,"column":32},"end":{"line":85,"column":135}},"40":{"start":{"line":86,"column":28},"end":{"line":86,"column":91}},"41":{"start":{"line":88,"column":10},"end":{"line":124,"column":11}},"42":{"start":{"line":89,"column":12},"end":{"line":93,"column":13}},"43":{"start":{"line":90,"column":14},"end":{"line":90,"column":87}},"44":{"start":{"line":92,"column":14},"end":{"line":92,"column":63}},"45":{"start":{"line":96,"column":12},"end":{"line":100,"column":13}},"46":{"start":{"line":97,"column":14},"end":{"line":97,"column":107}},"47":{"start":{"line":99,"column":14},"end":{"line":99,"column":83}},"48":{"start":{"line":102,"column":12},"end":{"line":116,"column":15}},"49":{"start":{"line":103,"column":14},"end":{"line":103,"column":80}},"50":{"start":{"line":104,"column":29},"end":{"line":104,"column":88}},"51":{"start":{"line":105,"column":30},"end":{"line":105,"column":70}},"52":{"start":{"line":106,"column":30},"end":{"line":106,"column":124}},"53":{"start":{"line":107,"column":27},"end":{"line":107,"column":112}},"54":{"start":{"line":110,"column":35},"end":{"line":110,"column":90}},"55":{"start":{"line":112,"column":14},"end":{"line":112,"column":65}},"56":{"start":{"line":113,"column":14},"end":{"line":113,"column":58}},"57":{"start":{"line":114,"column":14},"end":{"line":114,"column":66}},"58":{"start":{"line":115,"column":14},"end":{"line":115,"column":54}},"59":{"start":{"line":118,"column":12},"end":{"line":120,"column":13}},"60":{"start":{"line":119,"column":14},"end":{"line":119,"column":74}},"61":{"start":{"line":122,"column":12},"end":{"line":122,"column":62}},"62":{"start":{"line":123,"column":12},"end":{"line":123,"column":35}},"63":{"start":{"line":127,"column":8},"end":{"line":127,"column":100}},"64":{"start":{"line":131,"column":4},"end":{"line":134,"column":7}},"65":{"start":{"line":137,"column":4},"end":{"line":137,"column":52}},"66":{"start":{"line":138,"column":4},"end":{"line":141,"column":7}}},"fnMap":{"0":{"name":"(anonymous_0)","decl":{"start":{"line":8,"column":21},"end":{"line":8,"column":26}},"loc":{"start":{"line":8,"column":40},"end":{"line":143,"column":1}}},"1":{"name":"(anonymous_1)","decl":{"start":{"line":102,"column":41},"end":{"line":102,"column":42}},"loc":{"start":{"line":102,"column":69},"end":{"line":116,"column":13}}}},"branchMap":{"0":{"loc":{"start":{"line":12,"column":4},"end":{"line":14,"column":5}},"type":"if","locations":[{"start":{"line":12,"column":4},"end":{"line":14,"column":5}}]},"1":{"loc":{"start":{"line":12,"column":8},"end":{"line":12,"column":27}},"type":"binary-expr","locations":[{"start":{"line":12,"column":8},"end":{"line":12,"column":15}},{"start":{"line":12,"column":19},"end":{"line":12,"column":27}}]},"2":{"loc":{"start":{"line":42,"column":4},"end":{"line":63,"column":5}},"type":"if","locations":[{"start":{"line":42,"column":4},"end":{"line":63,"column":5}}]},"3":{"loc":{"start":{"line":42,"column":8},"end":{"line":42,"column":71}},"type":"binary-expr","locations":[{"start":{"line":42,"column":8},"end":{"line":42,"column":32}},{"start":{"line":42,"column":36},"end":{"line":42,"column":71}}]},"4":{"loc":{"start":{"line":60,"column":17},"end":{"line":60,"column":73}},"type":"cond-expr","locations":[{"start":{"line":60,"column":42},"end":{"line":60,"column":55}},{"start":{"line":60,"column":58},"end":{"line":60,"column":73}}]},"5":{"loc":{"start":{"line":68,"column":4},"end":{"line":129,"column":5}},"type":"if","locations":[{"start":{"line":68,"column":4},"end":{"line":129,"column":5}}]},"6":{"loc":{"start":{"line":69,"column":6},"end":{"line":128,"column":7}},"type":"if","locations":[{"start":{"line":69,"column":6},"end":{"line":128,"column":7}},{"start":{"line":126,"column":13},"end":{"line":128,"column":7}}]},"7":{"loc":{"start":{"line":72,"column":8},"end":{"line":125,"column":9}},"type":"if","locations":[{"start":{"line":72,"column":8},"end":{"line":125,"column":9}},{"start":{"line":77,"column":15},"end":{"line":125,"column":9}}]},"8":{"loc":{"start":{"line":75,"column":28},"end":{"line":75,"column":76}},"type":"cond-expr","locations":[{"start":{"line":75,"column":45},"end":{"line":75,"column":62}},{"start":{"line":75,"column":65},"end":{"line":75,"column":76}}]},"9":{"loc":{"start":{"line":77,"column":15},"end":{"line":125,"column":9}},"type":"if","locations":[{"start":{"line":77,"column":15},"end":{"line":125,"column":9}}]},"10":{"loc":{"start":{"line":79,"column":32},"end":{"line":79,"column":90}},"type":"binary-expr","locations":[{"start":{"line":79,"column":32},"end":{"line":79,"column":65}},{"start":{"line":79,"column":69},"end":{"line":79,"column":84}},{"start":{"line":79,"column":88},"end":{"line":79,"column":90}}]},"11":{"loc":{"start":{"line":80,"column":27},"end":{"line":80,"column":74}},"type":"cond-expr","locations":[{"start":{"line":80,"column":57},"end":{"line":80,"column":69}},{"start":{"line":80,"column":72},"end":{"line":80,"column":74}}]},"12":{"loc":{"start":{"line":85,"column":32},"end":{"line":85,"column":135}},"type":"binary-expr","locations":[{"start":{"line":85,"column":32},"end":{"line":85,"column":56}},{"start":{"line":85,"column":60},"end":{"line":85,"column":100}},{"start":{"line":85,"column":104},"end":{"line":85,"column":135}}]},"13":{"loc":{"start":{"line":86,"column":28},"end":{"line":86,"column":91}},"type":"cond-expr","locations":[{"start":{"line":86,"column":44},"end":{"line":86,"column":52}},{"start":{"line":86,"column":56},"end":{"line":86,"column":90}}]},"14":{"loc":{"start":{"line":86,"column":56},"end":{"line":86,"column":90}},"type":"cond-expr","locations":[{"start":{"line":86,"column":72},"end":{"line":86,"column":80}},{"start":{"line":86,"column":83},"end":{"line":86,"column":90}}]},"15":{"loc":{"start":{"line":88,"column":10},"end":{"line":124,"column":11}},"type":"if","locations":[{"start":{"line":88,"column":10},"end":{"line":124,"column":11}},{"start":{"line":94,"column":17},"end":{"line":124,"column":11}}]},"16":{"loc":{"start":{"line":89,"column":12},"end":{"line":93,"column":13}},"type":"if","locations":[{"start":{"line":89,"column":12},"end":{"line":93,"column":13}},{"start":{"line":91,"column":19},"end":{"line":93,"column":13}}]},"17":{"loc":{"start":{"line":96,"column":12},"end":{"line":100,"column":13}},"type":"if","locations":[{"start":{"line":96,"column":12},"end":{"line":100,"column":13}},{"start":{"line":98,"column":19},"end":{"line":100,"column":13}}]},"18":{"loc":{"start":{"line":104,"column":29},"end":{"line":104,"column":88}},"type":"binary-expr","locations":[{"start":{"line":104,"column":29},"end":{"line":104,"column":39}},{"start":{"line":104,"column":43},"end":{"line":104,"column":51}},{"start":{"line":104,"column":55},"end":{"line":104,"column":68}},{"start":{"line":104,"column":72},"end":{"line":104,"column":88}}]},"19":{"loc":{"start":{"line":105,"column":30},"end":{"line":105,"column":70}},"type":"binary-expr","locations":[{"start":{"line":105,"column":30},"end":{"line":105,"column":41}},{"start":{"line":105,"column":45},"end":{"line":105,"column":54}},{"start":{"line":105,"column":58},"end":{"line":105,"column":70}}]},"20":{"loc":{"start":{"line":106,"column":30},"end":{"line":106,"column":124}},"type":"binary-expr","locations":[{"start":{"line":106,"column":30},"end":{"line":106,"column":47}},{"start":{"line":106,"column":51},"end":{"line":106,"column":66}},{"start":{"line":106,"column":70},"end":{"line":106,"column":81}},{"start":{"line":106,"column":85},"end":{"line":106,"column":93}},{"start":{"line":106,"column":97},"end":{"line":106,"column":108}},{"start":{"line":106,"column":112},"end":{"line":106,"column":124}}]},"21":{"loc":{"start":{"line":107,"column":27},"end":{"line":107,"column":112}},"type":"binary-expr","locations":[{"start":{"line":107,"column":27},"end":{"line":107,"column":47}},{"start":{"line":107,"column":51},"end":{"line":107,"column":59}},{"start":{"line":107,"column":63},"end":{"line":107,"column":76}},{"start":{"line":107,"column":80},"end":{"line":107,"column":94}},{"start":{"line":107,"column":98},"end":{"line":107,"column":112}}]},"22":{"loc":{"start":{"line":118,"column":12},"end":{"line":120,"column":13}},"type":"if","locations":[{"start":{"line":118,"column":12},"end":{"line":120,"column":13}}]},"23":{"loc":{"start":{"line":140,"column":15},"end":{"line":140,"column":71}},"type":"cond-expr","locations":[{"start":{"line":140,"column":40},"end":{"line":140,"column":53}},{"start":{"line":140,"column":56},"end":{"line":140,"column":71}}]}},"s":{"0":0,"1":0,"2":0,"3":0,"4":0,"5":0,"6":0,"7":0,"8":0,"9":0,"10":0,"11":0,"12":0,"13":0,"14":0,"15":0,"16":0,"17":0,"18":0,"19":0,"20":0,"21":0,"22":0,"23":0,"24":0,"25":0,"26":0,"27":0,"28":0,"29":0,"30":0,"31":0,"32":0,"33":0,"34":0,"35":0,"36":0,"37":0,"38":0,"39":0,"40":0,"41":0,"42":0,"43":0,"44":0,"45":0,"46":0,"47":0,"48":0,"49":0,"50":0,"51":0,"52":0,"53":0,"54":0,"55":0,"56":0,"57":0,"58":0,"59":0,"60":0,"61":0,"62":0,"63":0,"64":0,"65":0,"66":0},"f":{"0":0,"1":0},"b":{"0":[0],"1":[0,0],"2":[0],"3":[0,0],"4":[0,0],"5":[0],"6":[0,0],"7":[0,0],"8":[0,0],"9":[0],"10":[0,0,0],"11":[0,0],"12":[0,0,0],"13":[0,0],"14":[0,0],"15":[0,0],"16":[0,0],"17":[0,0],"18":[0,0,0,0],"19":[0,0,0],"20":[0,0,0,0,0,0],"21":[0,0,0,0,0],"22":[0],"23":[0,0]}}
,"C:\\Users\\shubh\\OneDrive\\Desktop\\New folder (2)\\perseo-backend\\src\\routes\\gmail.ts": {"path":"C:\\Users\\shubh\\OneDrive\\Desktop\\New folder (2)\\perseo-backend\\src\\routes\\gmail.ts","statementMap":{"0":{"start":{"line":5,"column":15},"end":{"line":5,"column":31}},"1":{"start":{"line":8,"column":0},"end":{"line":33,"column":3}},"2":{"start":{"line":9,"column":2},"end":{"line":32,"column":3}},"3":{"start":{"line":10,"column":34},"end":{"line":10,"column":42}},"4":{"start":{"line":12,"column":4},"end":{"line":14,"column":5}},"5":{"start":{"line":13,"column":6},"end":{"line":13,"column":67}},"6":{"start":{"line":18,"column":21},"end":{"line":18,"column":40}},"7":{"start":{"line":19,"column":4},"end":{"line":19,"column":65}},"8":{"start":{"line":22,"column":30},"end":{"line":22,"column":82}},"9":{"start":{"line":24,"column":4},"end":{"line":28,"column":7}},"10":{"start":{"line":30,"column":4},"end":{"line":30,"column":49}},"11":{"start":{"line":31,"column":4},"end":{"line":31,"column":82}},"12":{"start":{"line":36,"column":0},"end":{"line":68,"column":3}},"13":{"start":{"line":37,"column":2},"end":{"line":67,"column":3}},"14":{"start":{"line":38,"column":35},"end":{"line":38,"column":43}},"15":{"start":{"line":40,"column":4},"end":{"line":42,"column":5}},"16":{"start":{"line":41,"column":6},"end":{"line":41,"column":79}},"17":{"start":{"line":45,"column":4},"end":{"line":63,"column":5}},"18":{"start":{"line":46,"column":6},"end":{"line":46,"column":66}},"19":{"start":{"line":47,"column":6},"end":{"line":47,"column":69}},"20":{"start":{"line":49,"column":6},"end":{"line":52,"column":9}},"21":{"start":{"line":55,"column":6},"end":{"line":61,"column":7}},"22":{"start":{"line":56,"column":8},"end":{"line":56,"column":83}},"23":{"start":{"line":57,"column":8},"end":{"line":60,"column":11}},"24":{"start":{"line":62,"column":6},"end":{"line":62,"column":24}},"25":{"start":{"line":65,"column":4},"end":{"line":65,"column":52}},"26":{"start":{"line":66,"column":4},"end":{"line":66,"column":81}},"27":{"start":{"line":71,"column":0},"end":{"line":89,"column":3}},"28":{"start":{"line":72,"column":2},"end":{"line":88,"column":3}},"29":{"start":{"line":73,"column":24},"end":{"line":73,"column":63}},"30":{"start":{"line":75,"column":4},"end":{"line":79,"column":9}},"31":{"start":{"line":75,"column":81},"end":{"line":79,"column":6}},"32":{"start":{"line":81,"column":4},"end":{"line":84,"column":7}},"33":{"start":{"line":86,"column":4},"end":{"line":86,"column":52}},"34":{"start":{"line":87,"column":4},"end":{"line":87,"column":73}},"35":{"start":{"line":92,"column":0},"end":{"line":128,"column":3}},"36":{"start":{"line":93,"column":2},"end":{"line":127,"column":3}},"37":{"start":{"line":94,"column":29},"end":{"line":94,"column":38}},"38":{"start":{"line":96,"column":4},"end":{"line":98,"column":5}},"39":{"start":{"line":97,"column":6},"end":{"line":97,"column":73}},"40":{"start":{"line":101,"column":4},"end":{"line":123,"column":5}},"41":{"start":{"line":102,"column":26},"end":{"line":102,"column":65}},"42":{"start":{"line":103,"column":31},"end":{"line":104,"column":null}},"43":{"start":{"line":104,"column":8},"end":{"line":104,"column":60}},"44":{"start":{"line":107,"column":6},"end":{"line":111,"column":7}},"45":{"start":{"line":108,"column":8},"end":{"line":108,"column":48}},"46":{"start":{"line":109,"column":8},"end":{"line":109,"column":90}},"47":{"start":{"line":110,"column":8},"end":{"line":110,"column":77}},"48":{"start":{"line":113,"column":6},"end":{"line":116,"column":9}},"49":{"start":{"line":119,"column":6},"end":{"line":122,"column":9}},"50":{"start":{"line":125,"column":4},"end":{"line":125,"column":59}},"51":{"start":{"line":126,"column":4},"end":{"line":126,"column":80}},"52":{"start":{"line":131,"column":0},"end":{"line":152,"column":3}},"53":{"start":{"line":132,"column":2},"end":{"line":151,"column":3}},"54":{"start":{"line":133,"column":35},"end":{"line":133,"column":44}},"55":{"start":{"line":135,"column":4},"end":{"line":138,"column":5}},"56":{"start":{"line":137,"column":6},"end":{"line":137,"column":114}},"57":{"start":{"line":140,"column":4},"end":{"line":142,"column":5}},"58":{"start":{"line":141,"column":6},"end":{"line":141,"column":79}},"59":{"start":{"line":146,"column":4},"end":{"line":146,"column":131}},"60":{"start":{"line":149,"column":4},"end":{"line":149,"column":50}},"61":{"start":{"line":150,"column":4},"end":{"line":150,"column":119}},"62":{"start":{"line":155,"column":0},"end":{"line":267,"column":3}},"63":{"start":{"line":156,"column":2},"end":{"line":266,"column":3}},"64":{"start":{"line":157,"column":70},"end":{"line":157,"column":78}},"65":{"start":{"line":159,"column":4},"end":{"line":161,"column":5}},"66":{"start":{"line":160,"column":6},"end":{"line":160,"column":79}},"67":{"start":{"line":163,"column":4},"end":{"line":167,"column":5}},"68":{"start":{"line":164,"column":6},"end":{"line":166,"column":9}},"69":{"start":{"line":170,"column":24},"end":{"line":170,"column":63}},"70":{"start":{"line":171,"column":29},"end":{"line":172,"column":null}},"71":{"start":{"line":172,"column":6},"end":{"line":172,"column":64}},"72":{"start":{"line":175,"column":4},"end":{"line":177,"column":5}},"73":{"start":{"line":176,"column":6},"end":{"line":176,"column":90}},"74":{"start":{"line":181,"column":4},"end":{"line":202,"column":5}},"75":{"start":{"line":182,"column":30},"end":{"line":182,"column":59}},"76":{"start":{"line":183,"column":6},"end":{"line":185,"column":7}},"77":{"start":{"line":184,"column":8},"end":{"line":184,"column":48}},"78":{"start":{"line":187,"column":22},"end":{"line":187,"column":55}},"79":{"start":{"line":188,"column":25},"end":{"line":188,"column":43}},"80":{"start":{"line":189,"column":22},"end":{"line":189,"column":81}},"81":{"start":{"line":190,"column":6},"end":{"line":190,"column":31}},"82":{"start":{"line":192,"column":6},"end":{"line":194,"column":7}},"83":{"start":{"line":193,"column":8},"end":{"line":193,"column":52}},"84":{"start":{"line":196,"column":6},"end":{"line":196,"column":81}},"85":{"start":{"line":198,"column":6},"end":{"line":198,"column":74}},"86":{"start":{"line":199,"column":6},"end":{"line":201,"column":9}},"87":{"start":{"line":204,"column":4},"end":{"line":204,"column":77}},"88":{"start":{"line":207,"column":31},"end":{"line":207,"column":56}},"89":{"start":{"line":208,"column":4},"end":{"line":208,"column":79}},"90":{"start":{"line":211,"column":4},"end":{"line":211,"column":88}},"91":{"start":{"line":213,"column":30},"end":{"line":219,"column":6}},"92":{"start":{"line":222,"column":25},"end":{"line":222,"column":27}},"93":{"start":{"line":224,"column":4},"end":{"line":247,"column":5}},"94":{"start":{"line":225,"column":6},"end":{"line":246,"column":7}},"95":{"start":{"line":226,"column":8},"end":{"line":226,"column":53}},"96":{"start":{"line":227,"column":8},"end":{"line":237,"column":10}},"97":{"start":{"line":238,"column":8},"end":{"line":238,"column":34}},"98":{"start":{"line":239,"column":8},"end":{"line":239,"column":59}},"99":{"start":{"line":240,"column":8},"end":{"line":240,"column":14}},"100":{"start":{"line":242,"column":8},"end":{"line":242,"column":72}},"101":{"start":{"line":243,"column":8},"end":{"line":245,"column":9}},"102":{"start":{"line":244,"column":10},"end":{"line":244,"column":90}},"103":{"start":{"line":249,"column":4},"end":{"line":251,"column":5}},"104":{"start":{"line":250,"column":6},"end":{"line":250,"column":98}},"105":{"start":{"line":253,"column":4},"end":{"line":253,"column":48}},"106":{"start":{"line":255,"column":4},"end":{"line":259,"column":7}},"107":{"start":{"line":261,"column":4},"end":{"line":261,"column":46}},"108":{"start":{"line":262,"column":4},"end":{"line":265,"column":7}},"109":{"start":{"line":270,"column":0},"end":{"line":417,"column":3}},"110":{"start":{"line":271,"column":2},"end":{"line":416,"column":3}},"111":{"start":{"line":285,"column":8},"end":{"line":285,"column":16}},"112":{"start":{"line":288,"column":4},"end":{"line":290,"column":5}},"113":{"start":{"line":289,"column":6},"end":{"line":289,"column":79}},"114":{"start":{"line":293,"column":26},"end":{"line":296,"column":74}},"115":{"start":{"line":298,"column":4},"end":{"line":302,"column":5}},"116":{"start":{"line":299,"column":6},"end":{"line":301,"column":9}},"117":{"start":{"line":305,"column":4},"end":{"line":309,"column":5}},"118":{"start":{"line":306,"column":6},"end":{"line":308,"column":9}},"119":{"start":{"line":312,"column":24},"end":{"line":312,"column":63}},"120":{"start":{"line":313,"column":29},"end":{"line":314,"column":null}},"121":{"start":{"line":314,"column":6},"end":{"line":314,"column":64}},"122":{"start":{"line":317,"column":4},"end":{"line":319,"column":5}},"123":{"start":{"line":318,"column":6},"end":{"line":318,"column":90}},"124":{"start":{"line":322,"column":31},"end":{"line":322,"column":56}},"125":{"start":{"line":323,"column":4},"end":{"line":323,"column":77}},"126":{"start":{"line":326,"column":29},"end":{"line":328,"column":6}},"127":{"start":{"line":331,"column":4},"end":{"line":337,"column":5}},"128":{"start":{"line":332,"column":6},"end":{"line":336,"column":7}},"129":{"start":{"line":333,"column":8},"end":{"line":333,"column":57}},"130":{"start":{"line":335,"column":8},"end":{"line":335,"column":54}},"131":{"start":{"line":340,"column":4},"end":{"line":342,"column":5}},"132":{"start":{"line":341,"column":6},"end":{"line":341,"column":53}},"133":{"start":{"line":345,"column":4},"end":{"line":347,"column":5}},"134":{"start":{"line":346,"column":6},"end":{"line":346,"column":57}},"135":{"start":{"line":350,"column":4},"end":{"line":352,"column":5}},"136":{"start":{"line":351,"column":6},"end":{"line":351,"column":109}},"137":{"start":{"line":355,"column":4},"end":{"line":357,"column":5}},"138":{"start":{"line":356,"column":6},"end":{"line":356,"column":36}},"139":{"start":{"line":359,"column":4},"end":{"line":361,"column":5}},"140":{"start":{"line":360,"column":6},"end":{"line":360,"column":30}},"141":{"start":{"line":364,"column":4},"end":{"line":366,"column":5}},"142":{"start":{"line":365,"column":6},"end":{"line":365,"column":36}},"143":{"start":{"line":369,"column":4},"end":{"line":371,"column":5}},"144":{"start":{"line":370,"column":6},"end":{"line":370,"column":40}},"145":{"start":{"line":374,"column":4},"end":{"line":376,"column":5}},"146":{"start":{"line":375,"column":6},"end":{"line":375,"column":42}},"147":{"start":{"line":378,"column":4},"end":{"line":383,"column":5}},"148":{"start":{"line":380,"column":6},"end":{"line":382,"column":7}},"149":{"start":{"line":381,"column":8},"end":{"line":381,"column":48}},"150":{"start":{"line":385,"column":4},"end":{"line":385,"column":79}},"151":{"start":{"line":387,"column":19},"end":{"line":387,"column":109}},"152":{"start":{"line":388,"column":4},"end":{"line":388,"column":76}},"153":{"start":{"line":390,"column":4},"end":{"line":390,"column":48}},"154":{"start":{"line":392,"column":4},"end":{"line":408,"column":7}},"155":{"start":{"line":411,"column":4},"end":{"line":411,"column":56}},"156":{"start":{"line":412,"column":4},"end":{"line":415,"column":7}},"157":{"start":{"line":420,"column":0},"end":{"line":481,"column":3}},"158":{"start":{"line":421,"column":2},"end":{"line":480,"column":3}},"159":{"start":{"line":425,"column":8},"end":{"line":425,"column":16}},"160":{"start":{"line":428,"column":4},"end":{"line":430,"column":5}},"161":{"start":{"line":429,"column":6},"end":{"line":429,"column":79}},"162":{"start":{"line":432,"column":4},"end":{"line":436,"column":5}},"163":{"start":{"line":433,"column":6},"end":{"line":435,"column":9}},"164":{"start":{"line":439,"column":24},"end":{"line":439,"column":63}},"165":{"start":{"line":440,"column":29},"end":{"line":441,"column":null}},"166":{"start":{"line":441,"column":6},"end":{"line":441,"column":64}},"167":{"start":{"line":444,"column":4},"end":{"line":446,"column":5}},"168":{"start":{"line":445,"column":6},"end":{"line":445,"column":90}},"169":{"start":{"line":449,"column":31},"end":{"line":449,"column":56}},"170":{"start":{"line":450,"column":4},"end":{"line":450,"column":85}},"171":{"start":{"line":453,"column":28},"end":{"line":455,"column":6}},"172":{"start":{"line":457,"column":4},"end":{"line":457,"column":84}},"173":{"start":{"line":463,"column":4},"end":{"line":472,"column":7}},"174":{"start":{"line":475,"column":4},"end":{"line":475,"column":52}},"175":{"start":{"line":476,"column":4},"end":{"line":479,"column":7}},"176":{"start":{"line":484,"column":0},"end":{"line":568,"column":3}},"177":{"start":{"line":485,"column":2},"end":{"line":567,"column":3}},"178":{"start":{"line":492,"column":8},"end":{"line":492,"column":16}},"179":{"start":{"line":495,"column":4},"end":{"line":497,"column":5}},"180":{"start":{"line":496,"column":6},"end":{"line":496,"column":79}},"181":{"start":{"line":499,"column":4},"end":{"line":503,"column":5}},"182":{"start":{"line":500,"column":6},"end":{"line":502,"column":9}},"183":{"start":{"line":505,"column":4},"end":{"line":509,"column":5}},"184":{"start":{"line":506,"column":6},"end":{"line":508,"column":9}},"185":{"start":{"line":512,"column":24},"end":{"line":512,"column":63}},"186":{"start":{"line":513,"column":29},"end":{"line":514,"column":null}},"187":{"start":{"line":514,"column":6},"end":{"line":514,"column":64}},"188":{"start":{"line":517,"column":4},"end":{"line":519,"column":5}},"189":{"start":{"line":518,"column":6},"end":{"line":518,"column":90}},"190":{"start":{"line":522,"column":31},"end":{"line":522,"column":56}},"191":{"start":{"line":523,"column":4},"end":{"line":523,"column":77}},"192":{"start":{"line":526,"column":29},"end":{"line":529,"column":6}},"193":{"start":{"line":532,"column":4},"end":{"line":534,"column":5}},"194":{"start":{"line":533,"column":6},"end":{"line":533,"column":42}},"195":{"start":{"line":537,"column":4},"end":{"line":539,"column":5}},"196":{"start":{"line":538,"column":6},"end":{"line":538,"column":44}},"197":{"start":{"line":541,"column":4},"end":{"line":541,"column":74}},"198":{"start":{"line":544,"column":19},"end":{"line":544,"column":106}},"199":{"start":{"line":545,"column":4},"end":{"line":545,"column":70}},"200":{"start":{"line":547,"column":4},"end":{"line":547,"column":45}},"201":{"start":{"line":549,"column":4},"end":{"line":559,"column":7}},"202":{"start":{"line":562,"column":4},"end":{"line":562,"column":47}},"203":{"start":{"line":563,"column":4},"end":{"line":566,"column":7}},"204":{"start":{"line":571,"column":0},"end":{"line":655,"column":3}},"205":{"start":{"line":572,"column":2},"end":{"line":654,"column":3}},"206":{"start":{"line":578,"column":8},"end":{"line":578,"column":16}},"207":{"start":{"line":581,"column":4},"end":{"line":583,"column":5}},"208":{"start":{"line":582,"column":6},"end":{"line":582,"column":79}},"209":{"start":{"line":585,"column":4},"end":{"line":589,"column":5}},"210":{"start":{"line":586,"column":6},"end":{"line":588,"column":9}},"211":{"start":{"line":592,"column":4},"end":{"line":596,"column":5}},"212":{"start":{"line":593,"column":6},"end":{"line":595,"column":9}},"213":{"start":{"line":599,"column":24},"end":{"line":599,"column":63}},"214":{"start":{"line":600,"column":29},"end":{"line":601,"column":null}},"215":{"start":{"line":601,"column":6},"end":{"line":601,"column":64}},"216":{"start":{"line":604,"column":4},"end":{"line":606,"column":5}},"217":{"start":{"line":605,"column":6},"end":{"line":605,"column":90}},"218":{"start":{"line":609,"column":31},"end":{"line":609,"column":56}},"219":{"start":{"line":610,"column":4},"end":{"line":610,"column":90}},"220":{"start":{"line":613,"column":29},"end":{"line":615,"column":6}},"221":{"start":{"line":618,"column":4},"end":{"line":620,"column":5}},"222":{"start":{"line":619,"column":6},"end":{"line":619,"column":42}},"223":{"start":{"line":623,"column":4},"end":{"line":625,"column":5}},"224":{"start":{"line":624,"column":6},"end":{"line":624,"column":48}},"225":{"start":{"line":627,"column":4},"end":{"line":627,"column":80}},"226":{"start":{"line":630,"column":19},"end":{"line":630,"column":109}},"227":{"start":{"line":631,"column":4},"end":{"line":631,"column":78}},"228":{"start":{"line":633,"column":4},"end":{"line":633,"column":58}},"229":{"start":{"line":635,"column":4},"end":{"line":646,"column":7}},"230":{"start":{"line":649,"column":4},"end":{"line":649,"column":60}},"231":{"start":{"line":650,"column":4},"end":{"line":653,"column":7}},"232":{"start":{"line":658,"column":0},"end":{"line":739,"column":3}},"233":{"start":{"line":659,"column":2},"end":{"line":738,"column":3}},"234":{"start":{"line":664,"column":8},"end":{"line":664,"column":16}},"235":{"start":{"line":667,"column":4},"end":{"line":669,"column":5}},"236":{"start":{"line":668,"column":6},"end":{"line":668,"column":79}},"237":{"start":{"line":671,"column":4},"end":{"line":675,"column":5}},"238":{"start":{"line":672,"column":6},"end":{"line":674,"column":9}},"239":{"start":{"line":677,"column":4},"end":{"line":681,"column":5}},"240":{"start":{"line":678,"column":6},"end":{"line":680,"column":9}},"241":{"start":{"line":684,"column":30},"end":{"line":684,"column":67}},"242":{"start":{"line":685,"column":4},"end":{"line":690,"column":5}},"243":{"start":{"line":686,"column":6},"end":{"line":689,"column":9}},"244":{"start":{"line":693,"column":24},"end":{"line":693,"column":63}},"245":{"start":{"line":694,"column":29},"end":{"line":695,"column":null}},"246":{"start":{"line":695,"column":6},"end":{"line":695,"column":64}},"247":{"start":{"line":698,"column":4},"end":{"line":700,"column":5}},"248":{"start":{"line":699,"column":6},"end":{"line":699,"column":90}},"249":{"start":{"line":703,"column":31},"end":{"line":703,"column":56}},"250":{"start":{"line":704,"column":4},"end":{"line":704,"column":86}},"251":{"start":{"line":707,"column":28},"end":{"line":710,"column":6}},"252":{"start":{"line":712,"column":4},"end":{"line":712,"column":69}},"253":{"start":{"line":715,"column":19},"end":{"line":715,"column":103}},"254":{"start":{"line":716,"column":4},"end":{"line":716,"column":71}},"255":{"start":{"line":718,"column":4},"end":{"line":718,"column":48}},"256":{"start":{"line":720,"column":4},"end":{"line":730,"column":7}},"257":{"start":{"line":733,"column":4},"end":{"line":733,"column":54}},"258":{"start":{"line":734,"column":4},"end":{"line":737,"column":7}},"259":{"start":{"line":742,"column":0},"end":{"line":831,"column":3}},"260":{"start":{"line":743,"column":2},"end":{"line":830,"column":3}},"261":{"start":{"line":744,"column":26},"end":{"line":744,"column":36}},"262":{"start":{"line":745,"column":52},"end":{"line":745,"column":61}},"263":{"start":{"line":748,"column":4},"end":{"line":750,"column":5}},"264":{"start":{"line":749,"column":6},"end":{"line":749,"column":95}},"265":{"start":{"line":752,"column":4},"end":{"line":756,"column":5}},"266":{"start":{"line":753,"column":6},"end":{"line":755,"column":9}},"267":{"start":{"line":759,"column":25},"end":{"line":759,"column":42}},"268":{"start":{"line":760,"column":4},"end":{"line":765,"column":5}},"269":{"start":{"line":761,"column":6},"end":{"line":764,"column":9}},"270":{"start":{"line":768,"column":24},"end":{"line":768,"column":63}},"271":{"start":{"line":769,"column":29},"end":{"line":770,"column":null}},"272":{"start":{"line":770,"column":6},"end":{"line":770,"column":64}},"273":{"start":{"line":773,"column":4},"end":{"line":775,"column":5}},"274":{"start":{"line":774,"column":6},"end":{"line":774,"column":90}},"275":{"start":{"line":778,"column":31},"end":{"line":778,"column":56}},"276":{"start":{"line":779,"column":4},"end":{"line":779,"column":87}},"277":{"start":{"line":782,"column":31},"end":{"line":784,"column":6}},"278":{"start":{"line":787,"column":4},"end":{"line":789,"column":5}},"279":{"start":{"line":788,"column":6},"end":{"line":788,"column":36}},"280":{"start":{"line":791,"column":4},"end":{"line":791,"column":73}},"281":{"start":{"line":794,"column":19},"end":{"line":794,"column":120}},"282":{"start":{"line":795,"column":4},"end":{"line":795,"column":89}},"283":{"start":{"line":797,"column":4},"end":{"line":797,"column":52}},"284":{"start":{"line":800,"column":24},"end":{"line":800,"column":47}},"285":{"start":{"line":803,"column":31},"end":{"line":803,"column":42}},"286":{"start":{"line":805,"column":4},"end":{"line":822,"column":7}},"287":{"start":{"line":814,"column":102},"end":{"line":814,"column":115}},"288":{"start":{"line":825,"column":4},"end":{"line":825,"column":53}},"289":{"start":{"line":826,"column":4},"end":{"line":829,"column":7}},"290":{"start":{"line":834,"column":0},"end":{"line":894,"column":3}},"291":{"start":{"line":835,"column":2},"end":{"line":893,"column":3}},"292":{"start":{"line":836,"column":21},"end":{"line":836,"column":45}},"293":{"start":{"line":838,"column":18},"end":{"line":838,"column":77}},"294":{"start":{"line":840,"column":4},"end":{"line":840,"column":49}},"295":{"start":{"line":841,"column":4},"end":{"line":841,"column":54}},"296":{"start":{"line":843,"column":4},"end":{"line":853,"column":7}},"297":{"start":{"line":844,"column":6},"end":{"line":844,"column":61}},"298":{"start":{"line":845,"column":6},"end":{"line":845,"column":43}},"299":{"start":{"line":846,"column":6},"end":{"line":846,"column":77}},"300":{"start":{"line":849,"column":6},"end":{"line":851,"column":7}},"301":{"start":{"line":850,"column":8},"end":{"line":850,"column":75}},"302":{"start":{"line":852,"column":6},"end":{"line":852,"column":25}},"303":{"start":{"line":856,"column":22},"end":{"line":859,"column":null}},"304":{"start":{"line":857,"column":6},"end":{"line":859,"column":48}},"305":{"start":{"line":862,"column":21},"end":{"line":866,"column":null}},"306":{"start":{"line":863,"column":6},"end":{"line":866,"column":47}},"307":{"start":{"line":869,"column":4},"end":{"line":869,"column":48}},"308":{"start":{"line":870,"column":4},"end":{"line":870,"column":68}},"309":{"start":{"line":870,"column":37},"end":{"line":870,"column":66}},"310":{"start":{"line":872,"column":4},"end":{"line":872,"column":44}},"311":{"start":{"line":873,"column":4},"end":{"line":873,"column":67}},"312":{"start":{"line":873,"column":36},"end":{"line":873,"column":65}},"313":{"start":{"line":875,"column":4},"end":{"line":886,"column":7}},"314":{"start":{"line":878,"column":43},"end":{"line":878,"column":49}},"315":{"start":{"line":879,"column":41},"end":{"line":879,"column":47}},"316":{"start":{"line":880,"column":42},"end":{"line":885,"column":8}},"317":{"start":{"line":888,"column":4},"end":{"line":888,"column":47}},"318":{"start":{"line":889,"column":4},"end":{"line":892,"column":7}},"319":{"start":{"line":897,"column":0},"end":{"line":1048,"column":3}},"320":{"start":{"line":898,"column":2},"end":{"line":1047,"column":3}},"321":{"start":{"line":899,"column":63},"end":{"line":899,"column":72}},"322":{"start":{"line":901,"column":4},"end":{"line":903,"column":5}},"323":{"start":{"line":902,"column":6},"end":{"line":902,"column":79}},"324":{"start":{"line":905,"column":4},"end":{"line":905,"column":86}},"325":{"start":{"line":908,"column":24},"end":{"line":908,"column":63}},"326":{"start":{"line":909,"column":29},"end":{"line":910,"column":null}},"327":{"start":{"line":910,"column":6},"end":{"line":910,"column":64}},"328":{"start":{"line":913,"column":4},"end":{"line":915,"column":5}},"329":{"start":{"line":914,"column":6},"end":{"line":914,"column":90}},"330":{"start":{"line":917,"column":4},"end":{"line":917,"column":76}},"331":{"start":{"line":921,"column":4},"end":{"line":942,"column":5}},"332":{"start":{"line":922,"column":30},"end":{"line":922,"column":59}},"333":{"start":{"line":923,"column":6},"end":{"line":925,"column":7}},"334":{"start":{"line":924,"column":8},"end":{"line":924,"column":48}},"335":{"start":{"line":927,"column":22},"end":{"line":927,"column":55}},"336":{"start":{"line":928,"column":25},"end":{"line":928,"column":43}},"337":{"start":{"line":929,"column":22},"end":{"line":929,"column":81}},"338":{"start":{"line":930,"column":6},"end":{"line":930,"column":31}},"339":{"start":{"line":932,"column":6},"end":{"line":934,"column":7}},"340":{"start":{"line":933,"column":8},"end":{"line":933,"column":52}},"341":{"start":{"line":936,"column":6},"end":{"line":936,"column":90}},"342":{"start":{"line":938,"column":6},"end":{"line":938,"column":74}},"343":{"start":{"line":939,"column":6},"end":{"line":941,"column":9}},"344":{"start":{"line":944,"column":4},"end":{"line":944,"column":54}},"345":{"start":{"line":945,"column":4},"end":{"line":945,"column":63}},"346":{"start":{"line":948,"column":31},"end":{"line":948,"column":56}},"347":{"start":{"line":949,"column":4},"end":{"line":949,"column":75}},"348":{"start":{"line":952,"column":4},"end":{"line":1040,"column":5}},"349":{"start":{"line":953,"column":6},"end":{"line":953,"column":73}},"350":{"start":{"line":956,"column":32},"end":{"line":962,"column":8}},"351":{"start":{"line":965,"column":27},"end":{"line":965,"column":29}},"352":{"start":{"line":967,"column":6},"end":{"line":992,"column":7}},"353":{"start":{"line":968,"column":8},"end":{"line":991,"column":9}},"354":{"start":{"line":969,"column":10},"end":{"line":969,"column":88}},"355":{"start":{"line":972,"column":10},"end":{"line":981,"column":12}},"356":{"start":{"line":982,"column":10},"end":{"line":982,"column":36}},"357":{"start":{"line":983,"column":10},"end":{"line":983,"column":56}},"358":{"start":{"line":984,"column":10},"end":{"line":984,"column":16}},"359":{"start":{"line":986,"column":10},"end":{"line":986,"column":69}},"360":{"start":{"line":987,"column":10},"end":{"line":990,"column":11}},"361":{"start":{"line":989,"column":12},"end":{"line":989,"column":87}},"362":{"start":{"line":994,"column":6},"end":{"line":996,"column":7}},"363":{"start":{"line":995,"column":8},"end":{"line":995,"column":95}},"364":{"start":{"line":998,"column":6},"end":{"line":998,"column":63}},"365":{"start":{"line":999,"column":6},"end":{"line":999,"column":52}},"366":{"start":{"line":1002,"column":27},"end":{"line":1002,"column":48}},"367":{"start":{"line":1003,"column":29},"end":{"line":1003,"column":66}},"368":{"start":{"line":1005,"column":6},"end":{"line":1010,"column":9}},"369":{"start":{"line":1013,"column":6},"end":{"line":1013,"column":85}},"370":{"start":{"line":1014,"column":6},"end":{"line":1014,"column":50}},"371":{"start":{"line":1017,"column":6},"end":{"line":1039,"column":7}},"372":{"start":{"line":1018,"column":23},"end":{"line":1026,"column":null}},"373":{"start":{"line":1029,"column":8},"end":{"line":1029,"column":63}},"374":{"start":{"line":1030,"column":8},"end":{"line":1030,"column":54}},"375":{"start":{"line":1032,"column":8},"end":{"line":1035,"column":11}},"376":{"start":{"line":1037,"column":8},"end":{"line":1037,"column":45}},"377":{"start":{"line":1038,"column":8},"end":{"line":1038,"column":36}},"378":{"start":{"line":1042,"column":4},"end":{"line":1042,"column":50}},"379":{"start":{"line":1043,"column":4},"end":{"line":1046,"column":7}},"380":{"start":{"line":1051,"column":0},"end":{"line":1076,"column":3}},"381":{"start":{"line":1052,"column":2},"end":{"line":1075,"column":3}},"382":{"start":{"line":1053,"column":35},"end":{"line":1053,"column":43}},"383":{"start":{"line":1055,"column":4},"end":{"line":1057,"column":5}},"384":{"start":{"line":1056,"column":6},"end":{"line":1056,"column":79}},"385":{"start":{"line":1060,"column":4},"end":{"line":1060,"column":64}},"386":{"start":{"line":1062,"column":4},"end":{"line":1062,"column":67}},"387":{"start":{"line":1064,"column":4},"end":{"line":1067,"column":7}},"388":{"start":{"line":1070,"column":4},"end":{"line":1070,"column":52}},"389":{"start":{"line":1071,"column":4},"end":{"line":1074,"column":7}},"390":{"start":{"line":1079,"column":0},"end":{"line":1128,"column":3}},"391":{"start":{"line":1080,"column":2},"end":{"line":1127,"column":3}},"392":{"start":{"line":1081,"column":35},"end":{"line":1081,"column":44}},"393":{"start":{"line":1083,"column":4},"end":{"line":1085,"column":5}},"394":{"start":{"line":1084,"column":6},"end":{"line":1084,"column":79}},"395":{"start":{"line":1087,"column":4},"end":{"line":1087,"column":65}},"396":{"start":{"line":1090,"column":24},"end":{"line":1090,"column":63}},"397":{"start":{"line":1091,"column":29},"end":{"line":1091,"column":98}},"398":{"start":{"line":1091,"column":67},"end":{"line":1091,"column":97}},"399":{"start":{"line":1093,"column":4},"end":{"line":1095,"column":5}},"400":{"start":{"line":1094,"column":6},"end":{"line":1094,"column":69}},"401":{"start":{"line":1097,"column":4},"end":{"line":1097,"column":89}},"402":{"start":{"line":1100,"column":4},"end":{"line":1113,"column":5}},"403":{"start":{"line":1101,"column":30},"end":{"line":1101,"column":59}},"404":{"start":{"line":1102,"column":6},"end":{"line":1110,"column":7}},"405":{"start":{"line":1103,"column":24},"end":{"line":1103,"column":57}},"406":{"start":{"line":1104,"column":27},"end":{"line":1104,"column":45}},"407":{"start":{"line":1105,"column":24},"end":{"line":1105,"column":83}},"408":{"start":{"line":1106,"column":34},"end":{"line":1106,"column":47}},"409":{"start":{"line":1108,"column":8},"end":{"line":1108,"column":83}},"410":{"start":{"line":1109,"column":8},"end":{"line":1109,"column":86}},"411":{"start":{"line":1112,"column":6},"end":{"line":1112,"column":68}},"412":{"start":{"line":1115,"column":4},"end":{"line":1119,"column":7}},"413":{"start":{"line":1122,"column":4},"end":{"line":1122,"column":52}},"414":{"start":{"line":1123,"column":4},"end":{"line":1126,"column":7}},"415":{"start":{"line":1131,"column":0},"end":{"line":1158,"column":3}},"416":{"start":{"line":1132,"column":2},"end":{"line":1157,"column":3}},"417":{"start":{"line":1133,"column":35},"end":{"line":1133,"column":44}},"418":{"start":{"line":1135,"column":4},"end":{"line":1137,"column":5}},"419":{"start":{"line":1136,"column":6},"end":{"line":1136,"column":79}},"420":{"start":{"line":1140,"column":24},"end":{"line":1140,"column":63}},"421":{"start":{"line":1141,"column":23},"end":{"line":1141,"column":92}},"422":{"start":{"line":1141,"column":61},"end":{"line":1141,"column":91}},"423":{"start":{"line":1143,"column":4},"end":{"line":1145,"column":5}},"424":{"start":{"line":1144,"column":6},"end":{"line":1144,"column":69}},"425":{"start":{"line":1147,"column":4},"end":{"line":1147,"column":90}},"426":{"start":{"line":1149,"column":4},"end":{"line":1153,"column":7}},"427":{"start":{"line":1155,"column":4},"end":{"line":1155,"column":48}},"428":{"start":{"line":1156,"column":4},"end":{"line":1156,"column":81}},"429":{"start":{"line":1161,"column":0},"end":{"line":1188,"column":3}},"430":{"start":{"line":1162,"column":2},"end":{"line":1187,"column":3}},"431":{"start":{"line":1163,"column":23},"end":{"line":1163,"column":32}},"432":{"start":{"line":1166,"column":25},"end":{"line":1166,"column":71}},"433":{"start":{"line":1168,"column":4},"end":{"line":1168,"column":75}},"434":{"start":{"line":1171,"column":22},"end":{"line":1171,"column":54}},"435":{"start":{"line":1173,"column":4},"end":{"line":1173,"column":76}},"436":{"start":{"line":1175,"column":4},"end":{"line":1178,"column":7}},"437":{"start":{"line":1181,"column":4},"end":{"line":1181,"column":66}},"438":{"start":{"line":1182,"column":4},"end":{"line":1186,"column":7}}},"fnMap":{"0":{"name":"(anonymous_0)","decl":{"start":{"line":8,"column":24},"end":{"line":8,"column":29}},"loc":{"start":{"line":8,"column":43},"end":{"line":33,"column":1}}},"1":{"name":"(anonymous_1)","decl":{"start":{"line":36,"column":27},"end":{"line":36,"column":32}},"loc":{"start":{"line":36,"column":46},"end":{"line":68,"column":1}}},"2":{"name":"(anonymous_2)","decl":{"start":{"line":71,"column":32},"end":{"line":71,"column":37}},"loc":{"start":{"line":71,"column":51},"end":{"line":89,"column":1}}},"3":{"name":"(anonymous_3)","decl":{"start":{"line":75,"column":65},"end":{"line":75,"column":66}},"loc":{"start":{"line":75,"column":81},"end":{"line":79,"column":6}}},"4":{"name":"(anonymous_4)","decl":{"start":{"line":92,"column":33},"end":{"line":92,"column":38}},"loc":{"start":{"line":92,"column":52},"end":{"line":128,"column":1}}},"5":{"name":"(anonymous_5)","decl":{"start":{"line":103,"column":54},"end":{"line":103,"column":55}},"loc":{"start":{"line":104,"column":8},"end":{"line":104,"column":60}}},"6":{"name":"(anonymous_6)","decl":{"start":{"line":131,"column":24},"end":{"line":131,"column":29}},"loc":{"start":{"line":131,"column":43},"end":{"line":152,"column":1}}},"7":{"name":"(anonymous_7)","decl":{"start":{"line":155,"column":21},"end":{"line":155,"column":26}},"loc":{"start":{"line":155,"column":40},"end":{"line":267,"column":1}}},"8":{"name":"(anonymous_8)","decl":{"start":{"line":171,"column":52},"end":{"line":171,"column":53}},"loc":{"start":{"line":172,"column":6},"end":{"line":172,"column":64}}},"9":{"name":"(anonymous_9)","decl":{"start":{"line":270,"column":22},"end":{"line":270,"column":27}},"loc":{"start":{"line":270,"column":41},"end":{"line":417,"column":1}}},"10":{"name":"(anonymous_10)","decl":{"start":{"line":313,"column":52},"end":{"line":313,"column":53}},"loc":{"start":{"line":314,"column":6},"end":{"line":314,"column":64}}},"11":{"name":"(anonymous_11)","decl":{"start":{"line":420,"column":27},"end":{"line":420,"column":32}},"loc":{"start":{"line":420,"column":46},"end":{"line":481,"column":1}}},"12":{"name":"(anonymous_12)","decl":{"start":{"line":440,"column":52},"end":{"line":440,"column":53}},"loc":{"start":{"line":441,"column":6},"end":{"line":441,"column":64}}},"13":{"name":"(anonymous_13)","decl":{"start":{"line":484,"column":22},"end":{"line":484,"column":27}},"loc":{"start":{"line":484,"column":41},"end":{"line":568,"column":1}}},"14":{"name":"(anonymous_14)","decl":{"start":{"line":513,"column":52},"end":{"line":513,"column":53}},"loc":{"start":{"line":514,"column":6},"end":{"line":514,"column":64}}},"15":{"name":"(anonymous_15)","decl":{"start":{"line":571,"column":23},"end":{"line":571,"column":28}},"loc":{"start":{"line":571,"column":42},"end":{"line":655,"column":1}}},"16":{"name":"(anonymous_16)","decl":{"start":{"line":600,"column":52},"end":{"line":600,"column":53}},"loc":{"start":{"line":601,"column":6},"end":{"line":601,"column":64}}},"17":{"name":"(anonymous_17)","decl":{"start":{"line":658,"column":21},"end":{"line":658,"column":26}},"loc":{"start":{"line":658,"column":40},"end":{"line":739,"column":1}}},"18":{"name":"(anonymous_18)","decl":{"start":{"line":694,"column":52},"end":{"line":694,"column":53}},"loc":{"start":{"line":695,"column":6},"end":{"line":695,"column":64}}},"19":{"name":"(anonymous_19)","decl":{"start":{"line":742,"column":34},"end":{"line":742,"column":39}},"loc":{"start":{"line":742,"column":53},"end":{"line":831,"column":1}}},"20":{"name":"(anonymous_20)","decl":{"start":{"line":769,"column":52},"end":{"line":769,"column":53}},"loc":{"start":{"line":770,"column":6},"end":{"line":770,"column":64}}},"21":{"name":"(anonymous_21)","decl":{"start":{"line":814,"column":87},"end":{"line":814,"column":88}},"loc":{"start":{"line":814,"column":102},"end":{"line":814,"column":115}}},"22":{"name":"(anonymous_22)","decl":{"start":{"line":834,"column":21},"end":{"line":834,"column":26}},"loc":{"start":{"line":834,"column":40},"end":{"line":894,"column":1}}},"23":{"name":"(anonymous_23)","decl":{"start":{"line":843,"column":18},"end":{"line":843,"column":19}},"loc":{"start":{"line":843,"column":47},"end":{"line":853,"column":5}}},"24":{"name":"(anonymous_24)","decl":{"start":{"line":856,"column":35},"end":{"line":856,"column":36}},"loc":{"start":{"line":857,"column":6},"end":{"line":859,"column":48}}},"25":{"name":"(anonymous_25)","decl":{"start":{"line":862,"column":34},"end":{"line":862,"column":35}},"loc":{"start":{"line":863,"column":6},"end":{"line":866,"column":47}}},"26":{"name":"(anonymous_26)","decl":{"start":{"line":870,"column":22},"end":{"line":870,"column":23}},"loc":{"start":{"line":870,"column":37},"end":{"line":870,"column":66}}},"27":{"name":"(anonymous_27)","decl":{"start":{"line":873,"column":21},"end":{"line":873,"column":22}},"loc":{"start":{"line":873,"column":36},"end":{"line":873,"column":65}}},"28":{"name":"(anonymous_28)","decl":{"start":{"line":878,"column":31},"end":{"line":878,"column":32}},"loc":{"start":{"line":878,"column":43},"end":{"line":878,"column":49}}},"29":{"name":"(anonymous_29)","decl":{"start":{"line":879,"column":29},"end":{"line":879,"column":30}},"loc":{"start":{"line":879,"column":41},"end":{"line":879,"column":47}}},"30":{"name":"(anonymous_30)","decl":{"start":{"line":880,"column":26},"end":{"line":880,"column":27}},"loc":{"start":{"line":880,"column":42},"end":{"line":885,"column":8}}},"31":{"name":"(anonymous_31)","decl":{"start":{"line":897,"column":24},"end":{"line":897,"column":29}},"loc":{"start":{"line":897,"column":43},"end":{"line":1048,"column":1}}},"32":{"name":"(anonymous_32)","decl":{"start":{"line":909,"column":52},"end":{"line":909,"column":53}},"loc":{"start":{"line":910,"column":6},"end":{"line":910,"column":64}}},"33":{"name":"(anonymous_33)","decl":{"start":{"line":1051,"column":27},"end":{"line":1051,"column":32}},"loc":{"start":{"line":1051,"column":46},"end":{"line":1076,"column":1}}},"34":{"name":"(anonymous_34)","decl":{"start":{"line":1079,"column":32},"end":{"line":1079,"column":37}},"loc":{"start":{"line":1079,"column":51},"end":{"line":1128,"column":1}}},"35":{"name":"(anonymous_35)","decl":{"start":{"line":1091,"column":52},"end":{"line":1091,"column":53}},"loc":{"start":{"line":1091,"column":67},"end":{"line":1091,"column":97}}},"36":{"name":"(anonymous_36)","decl":{"start":{"line":1131,"column":28},"end":{"line":1131,"column":33}},"loc":{"start":{"line":1131,"column":47},"end":{"line":1158,"column":1}}},"37":{"name":"(anonymous_37)","decl":{"start":{"line":1141,"column":46},"end":{"line":1141,"column":47}},"loc":{"start":{"line":1141,"column":61},"end":{"line":1141,"column":91}}},"38":{"name":"(anonymous_38)","decl":{"start":{"line":1161,"column":31},"end":{"line":1161,"column":36}},"loc":{"start":{"line":1161,"column":50},"end":{"line":1188,"column":1}}}},"branchMap":{"0":{"loc":{"start":{"line":12,"column":4},"end":{"line":14,"column":5}},"type":"if","locations":[{"start":{"line":12,"column":4},"end":{"line":14,"column":5}}]},"1":{"loc":{"start":{"line":18,"column":21},"end":{"line":18,"column":40}},"type":"binary-expr","locations":[{"start":{"line":18,"column":21},"end":{"line":18,"column":30}},{"start":{"line":18,"column":34},"end":{"line":18,"column":40}}]},"2":{"loc":{"start":{"line":40,"column":4},"end":{"line":42,"column":5}},"type":"if","locations":[{"start":{"line":40,"column":4},"end":{"line":42,"column":5}}]},"3":{"loc":{"start":{"line":55,"column":6},"end":{"line":61,"column":7}},"type":"if","locations":[{"start":{"line":55,"column":6},"end":{"line":61,"column":7}}]},"4":{"loc":{"start":{"line":96,"column":4},"end":{"line":98,"column":5}},"type":"if","locations":[{"start":{"line":96,"column":4},"end":{"line":98,"column":5}}]},"5":{"loc":{"start":{"line":104,"column":8},"end":{"line":104,"column":60}},"type":"binary-expr","locations":[{"start":{"line":104,"column":8},"end":{"line":104,"column":32}},{"start":{"line":104,"column":36},"end":{"line":104,"column":60}}]},"6":{"loc":{"start":{"line":107,"column":6},"end":{"line":111,"column":7}},"type":"if","locations":[{"start":{"line":107,"column":6},"end":{"line":111,"column":7}}]},"7":{"loc":{"start":{"line":115,"column":20},"end":{"line":115,"column":44}},"type":"binary-expr","locations":[{"start":{"line":115,"column":20},"end":{"line":115,"column":36}},{"start":{"line":115,"column":40},"end":{"line":115,"column":44}}]},"8":{"loc":{"start":{"line":135,"column":4},"end":{"line":138,"column":5}},"type":"if","locations":[{"start":{"line":135,"column":4},"end":{"line":138,"column":5}}]},"9":{"loc":{"start":{"line":137,"column":29},"end":{"line":137,"column":80}},"type":"binary-expr","locations":[{"start":{"line":137,"column":29},"end":{"line":137,"column":53}},{"start":{"line":137,"column":57},"end":{"line":137,"column":80}}]},"10":{"loc":{"start":{"line":140,"column":4},"end":{"line":142,"column":5}},"type":"if","locations":[{"start":{"line":140,"column":4},"end":{"line":142,"column":5}}]},"11":{"loc":{"start":{"line":146,"column":27},"end":{"line":146,"column":78}},"type":"binary-expr","locations":[{"start":{"line":146,"column":27},"end":{"line":146,"column":51}},{"start":{"line":146,"column":55},"end":{"line":146,"column":78}}]},"12":{"loc":{"start":{"line":146,"column":116},"end":{"line":146,"column":127}},"type":"binary-expr","locations":[{"start":{"line":146,"column":116},"end":{"line":146,"column":121}},{"start":{"line":146,"column":125},"end":{"line":146,"column":127}}]},"13":{"loc":{"start":{"line":150,"column":27},"end":{"line":150,"column":78}},"type":"binary-expr","locations":[{"start":{"line":150,"column":27},"end":{"line":150,"column":51}},{"start":{"line":150,"column":55},"end":{"line":150,"column":78}}]},"14":{"loc":{"start":{"line":157,"column":51},"end":{"line":157,"column":65}},"type":"default-arg","locations":[{"start":{"line":157,"column":60},"end":{"line":157,"column":65}}]},"15":{"loc":{"start":{"line":159,"column":4},"end":{"line":161,"column":5}},"type":"if","locations":[{"start":{"line":159,"column":4},"end":{"line":161,"column":5}}]},"16":{"loc":{"start":{"line":163,"column":4},"end":{"line":167,"column":5}},"type":"if","locations":[{"start":{"line":163,"column":4},"end":{"line":167,"column":5}}]},"17":{"loc":{"start":{"line":163,"column":8},"end":{"line":163,"column":34}},"type":"binary-expr","locations":[{"start":{"line":163,"column":8},"end":{"line":163,"column":11}},{"start":{"line":163,"column":16},"end":{"line":163,"column":24}},{"start":{"line":163,"column":28},"end":{"line":163,"column":33}}]},"18":{"loc":{"start":{"line":172,"column":6},"end":{"line":172,"column":64}},"type":"binary-expr","locations":[{"start":{"line":172,"column":6},"end":{"line":172,"column":36}},{"start":{"line":172,"column":40},"end":{"line":172,"column":64}}]},"19":{"loc":{"start":{"line":175,"column":4},"end":{"line":177,"column":5}},"type":"if","locations":[{"start":{"line":175,"column":4},"end":{"line":177,"column":5}}]},"20":{"loc":{"start":{"line":183,"column":6},"end":{"line":185,"column":7}},"type":"if","locations":[{"start":{"line":183,"column":6},"end":{"line":185,"column":7}}]},"21":{"loc":{"start":{"line":183,"column":10},"end":{"line":183,"column":53}},"type":"binary-expr","locations":[{"start":{"line":183,"column":10},"end":{"line":183,"column":25}},{"start":{"line":183,"column":29},"end":{"line":183,"column":53}}]},"22":{"loc":{"start":{"line":192,"column":6},"end":{"line":194,"column":7}},"type":"if","locations":[{"start":{"line":192,"column":6},"end":{"line":194,"column":7}}]},"23":{"loc":{"start":{"line":243,"column":8},"end":{"line":245,"column":9}},"type":"if","locations":[{"start":{"line":243,"column":8},"end":{"line":245,"column":9}}]},"24":{"loc":{"start":{"line":249,"column":4},"end":{"line":251,"column":5}},"type":"if","locations":[{"start":{"line":249,"column":4},"end":{"line":251,"column":5}}]},"25":{"loc":{"start":{"line":264,"column":15},"end":{"line":264,"column":71}},"type":"cond-expr","locations":[{"start":{"line":264,"column":40},"end":{"line":264,"column":53}},{"start":{"line":264,"column":56},"end":{"line":264,"column":71}}]},"26":{"loc":{"start":{"line":275,"column":6},"end":{"line":275,"column":13}},"type":"default-arg","locations":[{"start":{"line":275,"column":11},"end":{"line":275,"column":13}}]},"27":{"loc":{"start":{"line":276,"column":6},"end":{"line":276,"column":14}},"type":"default-arg","locations":[{"start":{"line":276,"column":12},"end":{"line":276,"column":14}}]},"28":{"loc":{"start":{"line":277,"column":6},"end":{"line":277,"column":27}},"type":"default-arg","locations":[{"start":{"line":277,"column":25},"end":{"line":277,"column":27}}]},"29":{"loc":{"start":{"line":280,"column":6},"end":{"line":280,"column":21}},"type":"default-arg","locations":[{"start":{"line":280,"column":16},"end":{"line":280,"column":21}}]},"30":{"loc":{"start":{"line":281,"column":6},"end":{"line":281,"column":22}},"type":"default-arg","locations":[{"start":{"line":281,"column":20},"end":{"line":281,"column":22}}]},"31":{"loc":{"start":{"line":282,"column":6},"end":{"line":282,"column":23}},"type":"default-arg","locations":[{"start":{"line":282,"column":19},"end":{"line":282,"column":23}}]},"32":{"loc":{"start":{"line":283,"column":6},"end":{"line":283,"column":22}},"type":"default-arg","locations":[{"start":{"line":283,"column":18},"end":{"line":283,"column":22}}]},"33":{"loc":{"start":{"line":284,"column":6},"end":{"line":284,"column":20}},"type":"default-arg","locations":[{"start":{"line":284,"column":16},"end":{"line":284,"column":20}}]},"34":{"loc":{"start":{"line":288,"column":4},"end":{"line":290,"column":5}},"type":"if","locations":[{"start":{"line":288,"column":4},"end":{"line":290,"column":5}}]},"35":{"loc":{"start":{"line":293,"column":26},"end":{"line":296,"column":74}},"type":"binary-expr","locations":[{"start":{"line":293,"column":26},"end":{"line":293,"column":41}},{"start":{"line":294,"column":26},"end":{"line":294,"column":28}},{"start":{"line":294,"column":32},"end":{"line":294,"column":45}},{"start":{"line":295,"column":26},"end":{"line":295,"column":29}},{"start":{"line":295,"column":33},"end":{"line":295,"column":47}},{"start":{"line":296,"column":26},"end":{"line":296,"column":42}},{"start":{"line":296,"column":46},"end":{"line":296,"column":73}}]},"36":{"loc":{"start":{"line":298,"column":4},"end":{"line":302,"column":5}},"type":"if","locations":[{"start":{"line":298,"column":4},"end":{"line":302,"column":5}}]},"37":{"loc":{"start":{"line":305,"column":4},"end":{"line":309,"column":5}},"type":"if","locations":[{"start":{"line":305,"column":4},"end":{"line":309,"column":5}}]},"38":{"loc":{"start":{"line":305,"column":8},"end":{"line":305,"column":25}},"type":"binary-expr","locations":[{"start":{"line":305,"column":8},"end":{"line":305,"column":16}},{"start":{"line":305,"column":20},"end":{"line":305,"column":25}}]},"39":{"loc":{"start":{"line":314,"column":6},"end":{"line":314,"column":64}},"type":"binary-expr","locations":[{"start":{"line":314,"column":6},"end":{"line":314,"column":36}},{"start":{"line":314,"column":40},"end":{"line":314,"column":64}}]},"40":{"loc":{"start":{"line":317,"column":4},"end":{"line":319,"column":5}},"type":"if","locations":[{"start":{"line":317,"column":4},"end":{"line":319,"column":5}}]},"41":{"loc":{"start":{"line":331,"column":4},"end":{"line":337,"column":5}},"type":"if","locations":[{"start":{"line":331,"column":4},"end":{"line":337,"column":5}}]},"42":{"loc":{"start":{"line":332,"column":6},"end":{"line":336,"column":7}},"type":"if","locations":[{"start":{"line":332,"column":6},"end":{"line":336,"column":7}},{"start":{"line":334,"column":13},"end":{"line":336,"column":7}}]},"43":{"loc":{"start":{"line":340,"column":4},"end":{"line":342,"column":5}},"type":"if","locations":[{"start":{"line":340,"column":4},"end":{"line":342,"column":5}}]},"44":{"loc":{"start":{"line":340,"column":8},"end":{"line":340,"column":27}},"type":"binary-expr","locations":[{"start":{"line":340,"column":8},"end":{"line":340,"column":10}},{"start":{"line":340,"column":14},"end":{"line":340,"column":27}}]},"45":{"loc":{"start":{"line":341,"column":23},"end":{"line":341,"column":52}},"type":"cond-expr","locations":[{"start":{"line":341,"column":43},"end":{"line":341,"column":45}},{"start":{"line":341,"column":48},"end":{"line":341,"column":52}}]},"46":{"loc":{"start":{"line":345,"column":4},"end":{"line":347,"column":5}},"type":"if","locations":[{"start":{"line":345,"column":4},"end":{"line":347,"column":5}}]},"47":{"loc":{"start":{"line":345,"column":8},"end":{"line":345,"column":29}},"type":"binary-expr","locations":[{"start":{"line":345,"column":8},"end":{"line":345,"column":11}},{"start":{"line":345,"column":15},"end":{"line":345,"column":29}}]},"48":{"loc":{"start":{"line":346,"column":24},"end":{"line":346,"column":56}},"type":"cond-expr","locations":[{"start":{"line":346,"column":45},"end":{"line":346,"column":48}},{"start":{"line":346,"column":51},"end":{"line":346,"column":56}}]},"49":{"loc":{"start":{"line":350,"column":4},"end":{"line":352,"column":5}},"type":"if","locations":[{"start":{"line":350,"column":4},"end":{"line":352,"column":5}}]},"50":{"loc":{"start":{"line":350,"column":8},"end":{"line":350,"column":55}},"type":"binary-expr","locations":[{"start":{"line":350,"column":8},"end":{"line":350,"column":24}},{"start":{"line":350,"column":28},"end":{"line":350,"column":55}}]},"51":{"loc":{"start":{"line":351,"column":37},"end":{"line":351,"column":108}},"type":"cond-expr","locations":[{"start":{"line":351,"column":71},"end":{"line":351,"column":87}},{"start":{"line":351,"column":90},"end":{"line":351,"column":108}}]},"52":{"loc":{"start":{"line":355,"column":4},"end":{"line":357,"column":5}},"type":"if","locations":[{"start":{"line":355,"column":4},"end":{"line":357,"column":5}}]},"53":{"loc":{"start":{"line":359,"column":4},"end":{"line":361,"column":5}},"type":"if","locations":[{"start":{"line":359,"column":4},"end":{"line":361,"column":5}}]},"54":{"loc":{"start":{"line":364,"column":4},"end":{"line":366,"column":5}},"type":"if","locations":[{"start":{"line":364,"column":4},"end":{"line":366,"column":5}}]},"55":{"loc":{"start":{"line":369,"column":4},"end":{"line":371,"column":5}},"type":"if","locations":[{"start":{"line":369,"column":4},"end":{"line":371,"column":5}}]},"56":{"loc":{"start":{"line":374,"column":4},"end":{"line":376,"column":5}},"type":"if","locations":[{"start":{"line":374,"column":4},"end":{"line":376,"column":5}}]},"57":{"loc":{"start":{"line":378,"column":4},"end":{"line":383,"column":5}},"type":"if","locations":[{"start":{"line":378,"column":4},"end":{"line":383,"column":5}}]},"58":{"loc":{"start":{"line":378,"column":8},"end":{"line":378,"column":45}},"type":"binary-expr","locations":[{"start":{"line":378,"column":8},"end":{"line":378,"column":19}},{"start":{"line":378,"column":23},"end":{"line":378,"column":45}}]},"59":{"loc":{"start":{"line":380,"column":6},"end":{"line":382,"column":7}},"type":"if","locations":[{"start":{"line":380,"column":6},"end":{"line":382,"column":7}}]},"60":{"loc":{"start":{"line":397,"column":18},"end":{"line":397,"column":110}},"type":"binary-expr","locations":[{"start":{"line":397,"column":18},"end":{"line":397,"column":50}},{"start":{"line":397,"column":54},"end":{"line":397,"column":71}},{"start":{"line":397,"column":75},"end":{"line":397,"column":97}},{"start":{"line":397,"column":101},"end":{"line":397,"column":110}}]},"61":{"loc":{"start":{"line":398,"column":17},"end":{"line":398,"column":112}},"type":"binary-expr","locations":[{"start":{"line":398,"column":17},"end":{"line":398,"column":54}},{"start":{"line":398,"column":58},"end":{"line":398,"column":80}},{"start":{"line":398,"column":84},"end":{"line":398,"column":112}}]},"62":{"loc":{"start":{"line":399,"column":19},"end":{"line":399,"column":92}},"type":"binary-expr","locations":[{"start":{"line":399,"column":19},"end":{"line":399,"column":57}},{"start":{"line":399,"column":61},"end":{"line":399,"column":84}},{"start":{"line":399,"column":88},"end":{"line":399,"column":92}}]},"63":{"loc":{"start":{"line":401,"column":14},"end":{"line":401,"column":37}},"type":"binary-expr","locations":[{"start":{"line":401,"column":14},"end":{"line":401,"column":29}},{"start":{"line":401,"column":33},"end":{"line":401,"column":37}}]},"64":{"loc":{"start":{"line":402,"column":14},"end":{"line":402,"column":39}},"type":"cond-expr","locations":[{"start":{"line":402,"column":30},"end":{"line":402,"column":32}},{"start":{"line":402,"column":35},"end":{"line":402,"column":39}}]},"65":{"loc":{"start":{"line":403,"column":15},"end":{"line":403,"column":42}},"type":"cond-expr","locations":[{"start":{"line":403,"column":32},"end":{"line":403,"column":35}},{"start":{"line":403,"column":38},"end":{"line":403,"column":42}}]},"66":{"loc":{"start":{"line":404,"column":17},"end":{"line":404,"column":70}},"type":"cond-expr","locations":[{"start":{"line":404,"column":47},"end":{"line":404,"column":63}},{"start":{"line":404,"column":66},"end":{"line":404,"column":70}}]},"67":{"loc":{"start":{"line":414,"column":15},"end":{"line":414,"column":71}},"type":"cond-expr","locations":[{"start":{"line":414,"column":40},"end":{"line":414,"column":53}},{"start":{"line":414,"column":56},"end":{"line":414,"column":71}}]},"68":{"loc":{"start":{"line":428,"column":4},"end":{"line":430,"column":5}},"type":"if","locations":[{"start":{"line":428,"column":4},"end":{"line":430,"column":5}}]},"69":{"loc":{"start":{"line":432,"column":4},"end":{"line":436,"column":5}},"type":"if","locations":[{"start":{"line":432,"column":4},"end":{"line":436,"column":5}}]},"70":{"loc":{"start":{"line":441,"column":6},"end":{"line":441,"column":64}},"type":"binary-expr","locations":[{"start":{"line":441,"column":6},"end":{"line":441,"column":36}},{"start":{"line":441,"column":40},"end":{"line":441,"column":64}}]},"71":{"loc":{"start":{"line":444,"column":4},"end":{"line":446,"column":5}},"type":"if","locations":[{"start":{"line":444,"column":4},"end":{"line":446,"column":5}}]},"72":{"loc":{"start":{"line":478,"column":15},"end":{"line":478,"column":71}},"type":"cond-expr","locations":[{"start":{"line":478,"column":40},"end":{"line":478,"column":53}},{"start":{"line":478,"column":56},"end":{"line":478,"column":71}}]},"73":{"loc":{"start":{"line":491,"column":6},"end":{"line":491,"column":22}},"type":"default-arg","locations":[{"start":{"line":491,"column":20},"end":{"line":491,"column":22}}]},"74":{"loc":{"start":{"line":495,"column":4},"end":{"line":497,"column":5}},"type":"if","locations":[{"start":{"line":495,"column":4},"end":{"line":497,"column":5}}]},"75":{"loc":{"start":{"line":499,"column":4},"end":{"line":503,"column":5}},"type":"if","locations":[{"start":{"line":499,"column":4},"end":{"line":503,"column":5}}]},"76":{"loc":{"start":{"line":505,"column":4},"end":{"line":509,"column":5}},"type":"if","locations":[{"start":{"line":505,"column":4},"end":{"line":509,"column":5}}]},"77":{"loc":{"start":{"line":514,"column":6},"end":{"line":514,"column":64}},"type":"binary-expr","locations":[{"start":{"line":514,"column":6},"end":{"line":514,"column":36}},{"start":{"line":514,"column":40},"end":{"line":514,"column":64}}]},"78":{"loc":{"start":{"line":517,"column":4},"end":{"line":519,"column":5}},"type":"if","locations":[{"start":{"line":517,"column":4},"end":{"line":519,"column":5}}]},"79":{"loc":{"start":{"line":532,"column":4},"end":{"line":534,"column":5}},"type":"if","locations":[{"start":{"line":532,"column":4},"end":{"line":534,"column":5}}]},"80":{"loc":{"start":{"line":537,"column":4},"end":{"line":539,"column":5}},"type":"if","locations":[{"start":{"line":537,"column":4},"end":{"line":539,"column":5}}]},"81":{"loc":{"start":{"line":537,"column":8},"end":{"line":537,"column":45}},"type":"binary-expr","locations":[{"start":{"line":537,"column":8},"end":{"line":537,"column":19}},{"start":{"line":537,"column":23},"end":{"line":537,"column":45}}]},"82":{"loc":{"start":{"line":554,"column":20},"end":{"line":554,"column":78}},"type":"binary-expr","locations":[{"start":{"line":554,"column":20},"end":{"line":554,"column":37}},{"start":{"line":554,"column":41},"end":{"line":554,"column":65}},{"start":{"line":554,"column":69},"end":{"line":554,"column":78}}]},"83":{"loc":{"start":{"line":556,"column":16},"end":{"line":556,"column":47}},"type":"binary-expr","locations":[{"start":{"line":556,"column":16},"end":{"line":556,"column":37}},{"start":{"line":556,"column":41},"end":{"line":556,"column":47}}]},"84":{"loc":{"start":{"line":565,"column":15},"end":{"line":565,"column":71}},"type":"cond-expr","locations":[{"start":{"line":565,"column":40},"end":{"line":565,"column":53}},{"start":{"line":565,"column":56},"end":{"line":565,"column":71}}]},"85":{"loc":{"start":{"line":576,"column":6},"end":{"line":576,"column":21}},"type":"default-arg","locations":[{"start":{"line":576,"column":19},"end":{"line":576,"column":21}}]},"86":{"loc":{"start":{"line":577,"column":6},"end":{"line":577,"column":24}},"type":"default-arg","locations":[{"start":{"line":577,"column":22},"end":{"line":577,"column":24}}]},"87":{"loc":{"start":{"line":581,"column":4},"end":{"line":583,"column":5}},"type":"if","locations":[{"start":{"line":581,"column":4},"end":{"line":583,"column":5}}]},"88":{"loc":{"start":{"line":585,"column":4},"end":{"line":589,"column":5}},"type":"if","locations":[{"start":{"line":585,"column":4},"end":{"line":589,"column":5}}]},"89":{"loc":{"start":{"line":592,"column":4},"end":{"line":596,"column":5}},"type":"if","locations":[{"start":{"line":592,"column":4},"end":{"line":596,"column":5}}]},"90":{"loc":{"start":{"line":592,"column":8},"end":{"line":592,"column":98}},"type":"binary-expr","locations":[{"start":{"line":592,"column":9},"end":{"line":592,"column":20}},{"start":{"line":592,"column":24},"end":{"line":592,"column":47}},{"start":{"line":592,"column":53},"end":{"line":592,"column":67}},{"start":{"line":592,"column":71},"end":{"line":592,"column":97}}]},"91":{"loc":{"start":{"line":601,"column":6},"end":{"line":601,"column":64}},"type":"binary-expr","locations":[{"start":{"line":601,"column":6},"end":{"line":601,"column":36}},{"start":{"line":601,"column":40},"end":{"line":601,"column":64}}]},"92":{"loc":{"start":{"line":604,"column":4},"end":{"line":606,"column":5}},"type":"if","locations":[{"start":{"line":604,"column":4},"end":{"line":606,"column":5}}]},"93":{"loc":{"start":{"line":618,"column":4},"end":{"line":620,"column":5}},"type":"if","locations":[{"start":{"line":618,"column":4},"end":{"line":620,"column":5}}]},"94":{"loc":{"start":{"line":618,"column":8},"end":{"line":618,"column":43}},"type":"binary-expr","locations":[{"start":{"line":618,"column":8},"end":{"line":618,"column":18}},{"start":{"line":618,"column":22},"end":{"line":618,"column":43}}]},"95":{"loc":{"start":{"line":623,"column":4},"end":{"line":625,"column":5}},"type":"if","locations":[{"start":{"line":623,"column":4},"end":{"line":625,"column":5}}]},"96":{"loc":{"start":{"line":623,"column":8},"end":{"line":623,"column":49}},"type":"binary-expr","locations":[{"start":{"line":623,"column":8},"end":{"line":623,"column":21}},{"start":{"line":623,"column":25},"end":{"line":623,"column":49}}]},"97":{"loc":{"start":{"line":641,"column":24},"end":{"line":641,"column":78}},"type":"binary-expr","locations":[{"start":{"line":641,"column":24},"end":{"line":641,"column":45}},{"start":{"line":641,"column":49},"end":{"line":641,"column":72}},{"start":{"line":641,"column":76},"end":{"line":641,"column":78}}]},"98":{"loc":{"start":{"line":652,"column":15},"end":{"line":652,"column":71}},"type":"cond-expr","locations":[{"start":{"line":652,"column":40},"end":{"line":652,"column":53}},{"start":{"line":652,"column":56},"end":{"line":652,"column":71}}]},"99":{"loc":{"start":{"line":667,"column":4},"end":{"line":669,"column":5}},"type":"if","locations":[{"start":{"line":667,"column":4},"end":{"line":669,"column":5}}]},"100":{"loc":{"start":{"line":671,"column":4},"end":{"line":675,"column":5}},"type":"if","locations":[{"start":{"line":671,"column":4},"end":{"line":675,"column":5}}]},"101":{"loc":{"start":{"line":677,"column":4},"end":{"line":681,"column":5}},"type":"if","locations":[{"start":{"line":677,"column":4},"end":{"line":681,"column":5}}]},"102":{"loc":{"start":{"line":685,"column":4},"end":{"line":690,"column":5}},"type":"if","locations":[{"start":{"line":685,"column":4},"end":{"line":690,"column":5}}]},"103":{"loc":{"start":{"line":695,"column":6},"end":{"line":695,"column":64}},"type":"binary-expr","locations":[{"start":{"line":695,"column":6},"end":{"line":695,"column":36}},{"start":{"line":695,"column":40},"end":{"line":695,"column":64}}]},"104":{"loc":{"start":{"line":698,"column":4},"end":{"line":700,"column":5}},"type":"if","locations":[{"start":{"line":698,"column":4},"end":{"line":700,"column":5}}]},"105":{"loc":{"start":{"line":727,"column":16},"end":{"line":727,"column":48}},"type":"binary-expr","locations":[{"start":{"line":727,"column":16},"end":{"line":727,"column":37}},{"start":{"line":727,"column":41},"end":{"line":727,"column":48}}]},"106":{"loc":{"start":{"line":736,"column":15},"end":{"line":736,"column":71}},"type":"cond-expr","locations":[{"start":{"line":736,"column":40},"end":{"line":736,"column":53}},{"start":{"line":736,"column":56},"end":{"line":736,"column":71}}]},"107":{"loc":{"start":{"line":745,"column":32},"end":{"line":745,"column":47}},"type":"default-arg","locations":[{"start":{"line":745,"column":41},"end":{"line":745,"column":47}}]},"108":{"loc":{"start":{"line":748,"column":4},"end":{"line":750,"column":5}},"type":"if","locations":[{"start":{"line":748,"column":4},"end":{"line":750,"column":5}}]},"109":{"loc":{"start":{"line":752,"column":4},"end":{"line":756,"column":5}},"type":"if","locations":[{"start":{"line":752,"column":4},"end":{"line":756,"column":5}}]},"110":{"loc":{"start":{"line":760,"column":4},"end":{"line":765,"column":5}},"type":"if","locations":[{"start":{"line":760,"column":4},"end":{"line":765,"column":5}}]},"111":{"loc":{"start":{"line":760,"column":8},"end":{"line":760,"column":58}},"type":"binary-expr","locations":[{"start":{"line":760,"column":8},"end":{"line":760,"column":14}},{"start":{"line":760,"column":18},"end":{"line":760,"column":58}}]},"112":{"loc":{"start":{"line":770,"column":6},"end":{"line":770,"column":64}},"type":"binary-expr","locations":[{"start":{"line":770,"column":6},"end":{"line":770,"column":36}},{"start":{"line":770,"column":40},"end":{"line":770,"column":64}}]},"113":{"loc":{"start":{"line":773,"column":4},"end":{"line":775,"column":5}},"type":"if","locations":[{"start":{"line":773,"column":4},"end":{"line":775,"column":5}}]},"114":{"loc":{"start":{"line":787,"column":4},"end":{"line":789,"column":5}},"type":"if","locations":[{"start":{"line":787,"column":4},"end":{"line":789,"column":5}}]},"115":{"loc":{"start":{"line":800,"column":24},"end":{"line":800,"column":47}},"type":"binary-expr","locations":[{"start":{"line":800,"column":24},"end":{"line":800,"column":37}},{"start":{"line":800,"column":41},"end":{"line":800,"column":47}}]},"116":{"loc":{"start":{"line":812,"column":17},"end":{"line":812,"column":78}},"type":"binary-expr","locations":[{"start":{"line":812,"column":17},"end":{"line":812,"column":38}},{"start":{"line":812,"column":42},"end":{"line":812,"column":72}},{"start":{"line":812,"column":76},"end":{"line":812,"column":78}}]},"117":{"loc":{"start":{"line":813,"column":14},"end":{"line":813,"column":94}},"type":"binary-expr","locations":[{"start":{"line":813,"column":14},"end":{"line":813,"column":32}},{"start":{"line":813,"column":36},"end":{"line":813,"column":63}},{"start":{"line":813,"column":67},"end":{"line":813,"column":88}},{"start":{"line":813,"column":92},"end":{"line":813,"column":94}}]},"118":{"loc":{"start":{"line":814,"column":21},"end":{"line":814,"column":122}},"type":"binary-expr","locations":[{"start":{"line":814,"column":21},"end":{"line":814,"column":46}},{"start":{"line":814,"column":50},"end":{"line":814,"column":116}},{"start":{"line":814,"column":120},"end":{"line":814,"column":122}}]},"119":{"loc":{"start":{"line":815,"column":16},"end":{"line":815,"column":68}},"type":"binary-expr","locations":[{"start":{"line":815,"column":16},"end
[...]
Arguments","decl":{"start":{"line":250,"column":22},"end":{"line":250,"column":35}},"loc":{"start":{"line":250,"column":80},"end":{"line":281,"column":1}}},"19":{"name":"executeBatchGmailTools","decl":{"start":{"line":290,"column":22},"end":{"line":290,"column":44}},"loc":{"start":{"line":293,"column":29},"end":{"line":343,"column":1}}},"20":{"name":"(anonymous_20)","decl":{"start":{"line":338,"column":41},"end":{"line":338,"column":42}},"loc":{"start":{"line":338,"column":46},"end":{"line":338,"column":55}}},"21":{"name":"getFilteredGmailTools","decl":{"start":{"line":352,"column":22},"end":{"line":352,"column":43}},"loc":{"start":{"line":355,"column":21},"end":{"line":393,"column":1}}},"22":{"name":"(anonymous_22)","decl":{"start":{"line":364,"column":43},"end":{"line":364,"column":47}},"loc":{"start":{"line":364,"column":51},"end":{"line":364,"column":77}}},"23":{"name":"(anonymous_23)","decl":{"start":{"line":370,"column":43},"end":{"line":370,"column":47}},"loc":{"start":{"line":371,"column":8},"end":{"line":373,"column":60}}}},"branchMap":{"0":{"loc":{"start":{"line":42,"column":6},"end":{"line":45,"column":7}},"type":"if","locations":[{"start":{"line":42,"column":6},"end":{"line":45,"column":7}}]},"1":{"loc":{"start":{"line":48,"column":19},"end":{"line":48,"column":57}},"type":"binary-expr","locations":[{"start":{"line":48,"column":19},"end":{"line":48,"column":38}},{"start":{"line":48,"column":42},"end":{"line":48,"column":57}}]},"2":{"loc":{"start":{"line":49,"column":19},"end":{"line":49,"column":57}},"type":"binary-expr","locations":[{"start":{"line":49,"column":19},"end":{"line":49,"column":38}},{"start":{"line":49,"column":42},"end":{"line":49,"column":57}}]},"3":{"loc":{"start":{"line":50,"column":26},"end":{"line":50,"column":82}},"type":"binary-expr","locations":[{"start":{"line":50,"column":26},"end":{"line":50,"column":52}},{"start":{"line":50,"column":56},"end":{"line":50,"column":82}}]},"4":{"loc":{"start":{"line":57,"column":20},"end":{"line":57,"column":51}},"type":"binary-expr","locations":[{"start":{"line":57,"column":20},"end":{"line":57,"column":45}},{"start":{"line":57,"column":49},"end":{"line":57,"column":51}}]},"5":{"loc":{"start":{"line":78,"column":6},"end":{"line":83,"column":7}},"type":"if","locations":[{"start":{"line":78,"column":6},"end":{"line":83,"column":7}}]},"6":{"loc":{"start":{"line":96,"column":52},"end":{"line":96,"column":108}},"type":"cond-expr","locations":[{"start":{"line":96,"column":77},"end":{"line":96,"column":90}},{"start":{"line":96,"column":93},"end":{"line":96,"column":108}}]},"7":{"loc":{"start":{"line":106,"column":2},"end":{"line":106,"column":28}},"type":"if","locations":[{"start":{"line":106,"column":2},"end":{"line":106,"column":28}}]},"8":{"loc":{"start":{"line":111,"column":2},"end":{"line":113,"column":3}},"type":"if","locations":[{"start":{"line":111,"column":2},"end":{"line":113,"column":3}}]},"9":{"loc":{"start":{"line":111,"column":6},"end":{"line":111,"column":122}},"type":"binary-expr","locations":[{"start":{"line":111,"column":6},"end":{"line":111,"column":33}},{"start":{"line":111,"column":37},"end":{"line":111,"column":62}},{"start":{"line":111,"column":66},"end":{"line":111,"column":92}},{"start":{"line":111,"column":96},"end":{"line":111,"column":122}}]},"10":{"loc":{"start":{"line":116,"column":2},"end":{"line":118,"column":3}},"type":"if","locations":[{"start":{"line":116,"column":2},"end":{"line":118,"column":3}}]},"11":{"loc":{"start":{"line":116,"column":6},"end":{"line":116,"column":65}},"type":"binary-expr","locations":[{"start":{"line":116,"column":6},"end":{"line":116,"column":32}},{"start":{"line":116,"column":36},"end":{"line":116,"column":65}}]},"12":{"loc":{"start":{"line":121,"column":2},"end":{"line":123,"column":3}},"type":"if","locations":[{"start":{"line":121,"column":2},"end":{"line":123,"column":3}}]},"13":{"loc":{"start":{"line":126,"column":2},"end":{"line":128,"column":3}},"type":"if","locations":[{"start":{"line":126,"column":2},"end":{"line":128,"column":3}}]},"14":{"loc":{"start":{"line":126,"column":6},"end":{"line":126,"column":66}},"type":"binary-expr","locations":[{"start":{"line":126,"column":6},"end":{"line":126,"column":33}},{"start":{"line":126,"column":37},"end":{"line":126,"column":66}}]},"15":{"loc":{"start":{"line":131,"column":2},"end":{"line":133,"column":3}},"type":"if","locations":[{"start":{"line":131,"column":2},"end":{"line":133,"column":3}}]},"16":{"loc":{"start":{"line":131,"column":6},"end":{"line":131,"column":65}},"type":"binary-expr","locations":[{"start":{"line":131,"column":6},"end":{"line":131,"column":33}},{"start":{"line":131,"column":37},"end":{"line":131,"column":65}}]},"17":{"loc":{"start":{"line":136,"column":2},"end":{"line":138,"column":3}},"type":"if","locations":[{"start":{"line":136,"column":2},"end":{"line":138,"column":3}}]},"18":{"loc":{"start":{"line":136,"column":6},"end":{"line":136,"column":65}},"type":"binary-expr","locations":[{"start":{"line":136,"column":6},"end":{"line":136,"column":34}},{"start":{"line":136,"column":38},"end":{"line":136,"column":65}}]},"19":{"loc":{"start":{"line":141,"column":2},"end":{"line":144,"column":3}},"type":"if","locations":[{"start":{"line":141,"column":2},"end":{"line":144,"column":3}}]},"20":{"loc":{"start":{"line":141,"column":6},"end":{"line":142,"column":96}},"type":"binary-expr","locations":[{"start":{"line":141,"column":6},"end":{"line":141,"column":32}},{"start":{"line":141,"column":36},"end":{"line":141,"column":64}},{"start":{"line":141,"column":68},"end":{"line":141,"column":94}},{"start":{"line":142,"column":6},"end":{"line":142,"column":35}},{"start":{"line":142,"column":39},"end":{"line":142,"column":65}},{"start":{"line":142,"column":69},"end":{"line":142,"column":96}}]},"21":{"loc":{"start":{"line":157,"column":4},"end":{"line":157,"column":32}},"type":"if","locations":[{"start":{"line":157,"column":4},"end":{"line":157,"column":32}}]},"22":{"loc":{"start":{"line":160,"column":4},"end":{"line":162,"column":5}},"type":"if","locations":[{"start":{"line":160,"column":4},"end":{"line":162,"column":5}}]},"23":{"loc":{"start":{"line":165,"column":4},"end":{"line":168,"column":5}},"type":"if","locations":[{"start":{"line":165,"column":4},"end":{"line":168,"column":5}}]},"24":{"loc":{"start":{"line":186,"column":11},"end":{"line":186,"column":76}},"type":"binary-expr","locations":[{"start":{"line":186,"column":11},"end":{"line":186,"column":68}},{"start":{"line":186,"column":72},"end":{"line":186,"column":76}}]},"25":{"loc":{"start":{"line":205,"column":2},"end":{"line":205,"column":30}},"type":"default-arg","locations":[{"start":{"line":205,"column":26},"end":{"line":205,"column":30}}]},"26":{"loc":{"start":{"line":212,"column":4},"end":{"line":217,"column":5}},"type":"if","locations":[{"start":{"line":212,"column":4},"end":{"line":217,"column":5}}]},"27":{"loc":{"start":{"line":214,"column":6},"end":{"line":216,"column":7}},"type":"if","locations":[{"start":{"line":214,"column":6},"end":{"line":216,"column":7}}]},"28":{"loc":{"start":{"line":233,"column":14},"end":{"line":233,"column":35}},"type":"binary-expr","locations":[{"start":{"line":233,"column":14},"end":{"line":233,"column":25}},{"start":{"line":233,"column":29},"end":{"line":233,"column":35}}]},"29":{"loc":{"start":{"line":239,"column":54},"end":{"line":239,"column":110}},"type":"cond-expr","locations":[{"start":{"line":239,"column":79},"end":{"line":239,"column":92}},{"start":{"line":239,"column":95},"end":{"line":239,"column":110}}]},"30":{"loc":{"start":{"line":256,"column":21},"end":{"line":256,"column":45}},"type":"binary-expr","locations":[{"start":{"line":256,"column":21},"end":{"line":256,"column":27}},{"start":{"line":256,"column":31},"end":{"line":256,"column":45}}]},"31":{"loc":{"start":{"line":272,"column":14},"end":{"line":272,"column":35}},"type":"binary-expr","locations":[{"start":{"line":272,"column":14},"end":{"line":272,"column":25}},{"start":{"line":272,"column":29},"end":{"line":272,"column":35}}]},"32":{"loc":{"start":{"line":279,"column":54},"end":{"line":279,"column":110}},"type":"cond-expr","locations":[{"start":{"line":279,"column":79},"end":{"line":279,"column":92}},{"start":{"line":279,"column":95},"end":{"line":279,"column":110}}]},"33":{"loc":{"start":{"line":293,"column":2},"end":{"line":293,"column":29}},"type":"default-arg","locations":[{"start":{"line":293,"column":25},"end":{"line":293,"column":29}}]},"34":{"loc":{"start":{"line":322,"column":15},"end":{"line":322,"column":71}},"type":"cond-expr","locations":[{"start":{"line":322,"column":40},"end":{"line":322,"column":53}},{"start":{"line":322,"column":56},"end":{"line":322,"column":71}}]},"35":{"loc":{"start":{"line":328,"column":6},"end":{"line":331,"column":7}},"type":"if","locations":[{"start":{"line":328,"column":6},"end":{"line":331,"column":7}}]},"36":{"loc":{"start":{"line":363,"column":4},"end":{"line":365,"column":5}},"type":"if","locations":[{"start":{"line":363,"column":4},"end":{"line":365,"column":5}}]},"37":{"loc":{"start":{"line":363,"column":8},"end":{"line":363,"column":38}},"type":"binary-expr","locations":[{"start":{"line":363,"column":8},"end":{"line":363,"column":16}},{"start":{"line":363,"column":20},"end":{"line":363,"column":38}}]},"38":{"loc":{"start":{"line":368,"column":4},"end":{"line":375,"column":5}},"type":"if","locations":[{"start":{"line":368,"column":4},"end":{"line":375,"column":5}}]},"39":{"loc":{"start":{"line":371,"column":8},"end":{"line":373,"column":60}},"type":"binary-expr","locations":[{"start":{"line":371,"column":8},"end":{"line":371,"column":53}},{"start":{"line":372,"column":8},"end":{"line":372,"column":53}},{"start":{"line":373,"column":8},"end":{"line":373,"column":60}}]},"40":{"loc":{"start":{"line":384,"column":18},"end":{"line":384,"column":35}},"type":"binary-expr","locations":[{"start":{"line":384,"column":18},"end":{"line":384,"column":26}},{"start":{"line":384,"column":30},"end":{"line":384,"column":35}}]},"41":{"loc":{"start":{"line":385,"column":20},"end":{"line":385,"column":36}},"type":"binary-expr","locations":[{"start":{"line":385,"column":20},"end":{"line":385,"column":30}},{"start":{"line":385,"column":34},"end":{"line":385,"column":36}}]},"42":{"loc":{"start":{"line":391,"column":53},"end":{"line":391,"column":109}},"type":"cond-expr","locations":[{"start":{"line":391,"column":78},"end":{"line":391,"column":91}},{"start":{"line":391,"column":94},"end":{"line":391,"column":109}}]}},"s":{"0":0,"1":0,"2":0,"3":0,"4":0,"5":0,"6":0,"7":0,"8":0,"9":0,"10":0,"11":0,"12":0,"13":0,"14":0,"15":0,"16":0,"17":0,"18":0,"19":0,"20":0,"21":0,"22":0,"23":0,"24":0,"25":0,"26":0,"27":0,"28":0,"29":0,"30":0,"31":0,"32":0,"33":0,"34":0,"35":0,"36":0,"37":0,"38":0,"39":0,"40":0,"41":0,"42":0,"43":0,"44":0,"45":0,"46":0,"47":0,"48":0,"49":0,"50":0,"51":0,"52":0,"53":0,"54":0,"55":0,"56":0,"57":0,"58":0,"59":0,"60":0,"61":0,"62":0,"63":0,"64":0,"65":0,"66":0,"67":0,"68":0,"69":0,"70":0,"71":0,"72":0,"73":0,"74":0,"75":0,"76":0,"77":0,"78":0,"79":0,"80":0,"81":0,"82":0,"83":0,"84":0,"85":0,"86":0,"87":0,"88":0,"89":0,"90":0,"91":0,"92":0,"93":0,"94":0,"95":0,"96":0,"97":0,"98":0,"99":0,"100":0,"101":0,"102":0,"103":0,"104":0,"105":0,"106":0,"107":0,"108":0,"109":0,"110":0,"111":0,"112":0,"113":0,"114":0,"115":0,"116":0,"117":0,"118":0,"119":0},"f":{"0":0,"1":0,"2":0,"3":0,"4":0,"5":0,"6":0,"7":0,"8":0,"9":0,"10":0,"11":0,"12":0,"13":0,"14":0,"15":0,"16":0,"17":0,"18":0,"19":0,"20":0,"21":0,"22":0,"23":0},"b":{"0":[0],"1":[0,0],"2":[0,0],"3":[0,0],"4":[0,0],"5":[0],"6":[0,0],"7":[0],"8":[0],"9":[0,0,0,0],"10":[0],"11":[0,0],"12":[0],"13":[0],"14":[0,0],"15":[0],"16":[0,0],"17":[0],"18":[0,0],"19":[0],"20":[0,0,0,0,0,0],"21":[0],"22":[0],"23":[0],"24":[0,0],"25":[0],"26":[0],"27":[0],"28":[0,0],"29":[0,0],"30":[0,0],"31":[0,0],"32":[0,0],"33":[0],"34":[0,0],"35":[0],"36":[0],"37":[0,0],"38":[0],"39":[0,0,0],"40":[0,0],"41":[0,0],"42":[0,0]}}
,"C:\\Users\\shubh\\OneDrive\\Desktop\\New folder (2)\\perseo-backend\\src\\services\\gemini.ts": {"path":"C:\\Users\\shubh\\OneDrive\\Desktop\\New folder (2)\\perseo-backend\\src\\services\\gemini.ts","statementMap":{"0":{"start":{"line":4,"column":0},"end":{"line":4,"column":16}},"1":{"start":{"line":6,"column":23},"end":{"line":6,"column":49}},"2":{"start":{"line":8,"column":0},"end":{"line":10,"column":1}},"3":{"start":{"line":9,"column":2},"end":{"line":9,"column":103}},"4":{"start":{"line":13,"column":14},"end":{"line":13,"column":76}},"5":{"start":{"line":16,"column":22},"end":{"line":116,"column":54}},"6":{"start":{"line":119,"column":30},"end":{"line":130,"column":1}},"7":{"start":{"line":120,"column":2},"end":{"line":122,"column":3}},"8":{"start":{"line":121,"column":4},"end":{"line":121,"column":90}},"9":{"start":{"line":124,"column":16},"end":{"line":127,"column":4}},"10":{"start":{"line":129,"column":2},"end":{"line":129,"column":15}},"11":{"start":{"line":133,"column":26},"end":{"line":205,"column":1}},"12":{"start":{"line":134,"column":2},"end":{"line":204,"column":3}},"13":{"start":{"line":135,"column":4},"end":{"line":137,"column":5}},"14":{"start":{"line":136,"column":6},"end":{"line":136,"column":74}},"15":{"start":{"line":139,"column":18},"end":{"line":139,"column":34}},"16":{"start":{"line":142,"column":22},"end":{"line":142,"column":70}},"17":{"start":{"line":142,"column":49},"end":{"line":142,"column":58}},"18":{"start":{"line":143,"column":27},"end":{"line":149,"column":104}},"19":{"start":{"line":151,"column":19},"end":{"line":151,"column":62}},"20":{"start":{"line":152,"column":21},"end":{"line":152,"column":42}},"21":{"start":{"line":153,"column":17},"end":{"line":153,"column":32}},"22":{"start":{"line":155,"column":4},"end":{"line":155,"column":46}},"23":{"start":{"line":158,"column":4},"end":{"line":195,"column":5}},"24":{"start":{"line":160,"column":23},"end":{"line":160,"column":25}},"25":{"start":{"line":163,"column":29},"end":{"line":163,"column":78}},"26":{"start":{"line":164,"column":6},"end":{"line":175,"column":7}},"27":{"start":{"line":165,"column":8},"end":{"line":165,"column":39}},"28":{"start":{"line":168,"column":26},"end":{"line":168,"column":51}},"29":{"start":{"line":169,"column":8},"end":{"line":174,"column":9}},"30":{"start":{"line":170,"column":10},"end":{"line":170,"column":36}},"31":{"start":{"line":173,"column":10},"end":{"line":173,"column":28}},"32":{"start":{"line":179,"column":6},"end":{"line":179,"column":37}},"33":{"start":{"line":183,"column":6},"end":{"line":185,"column":9}},"34":{"start":{"line":184,"column":8},"end":{"line":184,"column":65}},"35":{"start":{"line":187,"column":29},"end":{"line":187,"column":51}},"36":{"start":{"line":188,"column":6},"end":{"line":188,"column":28}},"37":{"start":{"line":190,"column":6},"end":{"line":190,"column":73}},"38":{"start":{"line":191,"column":6},"end":{"line":194,"column":8}},"39":{"start":{"line":198,"column":4},"end":{"line":198,"column":46}},"40":{"start":{"line":200,"column":4},"end":{"line":203,"column":6}}},"fnMap":{"0":{"name":"(anonymous_0)","decl":{"start":{"line":119,"column":30},"end":{"line":119,"column":33}},"loc":{"start":{"line":119,"column":35},"end":{"line":130,"column":1}}},"1":{"name":"(anonymous_1)","decl":{"start":{"line":133,"column":26},"end":{"line":133,"column":31}},"loc":{"start":{"line":133,"column":79},"end":{"line":205,"column":1}}},"2":{"name":"(anonymous_2)","decl":{"start":{"line":142,"column":41},"end":{"line":142,"column":45}},"loc":{"start":{"line":142,"column":49},"end":{"line":142,"column":58}}},"3":{"name":"(anonymous_3)","decl":{"start":{"line":183,"column":67},"end":{"line":183,"column":68}},"loc":{"start":{"line":183,"column":77},"end":{"line":185,"column":7}}}},"branchMap":{"0":{"loc":{"start":{"line":8,"column":0},"end":{"line":10,"column":1}},"type":"if","locations":[{"start":{"line":8,"column":0},"end":{"line":10,"column":1}}]},"1":{"loc":{"start":{"line":13,"column":14},"end":{"line":13,"column":76}},"type":"cond-expr","locations":[{"start":{"line":13,"column":31},"end":{"line":13,"column":69}},{"start":{"line":13,"column":72},"end":{"line":13,"column":76}}]},"2":{"loc":{"start":{"line":120,"column":2},"end":{"line":122,"column":3}},"type":"if","locations":[{"start":{"line":120,"column":2},"end":{"line":122,"column":3}}]},"3":{"loc":{"start":{"line":135,"column":4},"end":{"line":137,"column":5}},"type":"if","locations":[{"start":{"line":135,"column":4},"end":{"line":137,"column":5}}]},"4":{"loc":{"start":{"line":164,"column":6},"end":{"line":175,"column":7}},"type":"if","locations":[{"start":{"line":164,"column":6},"end":{"line":175,"column":7}},{"start":{"line":166,"column":13},"end":{"line":175,"column":7}}]},"5":{"loc":{"start":{"line":169,"column":8},"end":{"line":174,"column":9}},"type":"if","locations":[{"start":{"line":169,"column":8},"end":{"line":174,"column":9}},{"start":{"line":171,"column":15},"end":{"line":174,"column":9}}]}},"s":{"0":0,"1":0,"2":0,"3":0,"4":0,"5":0,"6":0,"7":0,"8":0,"9":0,"10":0,"11":0,"12":0,"13":0,"14":0,"15":0,"16":0,"17":0,"18":0,"19":0,"20":0,"21":0,"22":0,"23":0,"24":0,"25":0,"26":0,"27":0,"28":0,"29":0,"30":0,"31":0,"32":0,"33":0,"34":0,"35":0,"36":0,"37":0,"38":0,"39":0,"40":0},"f":{"0":0,"1":0,"2":0,"3":0},"b":{"0":[0],"1":[0,0],"2":[0],"3":[0],"4":[0,0],"5":[0,0]}}
,"C:\\Users\\shubh\\OneDrive\\Desktop\\New folder (2)\\perseo-backend\\src\\services\\onboardingService.ts": {"path":"C:\\Users\\shubh\\OneDrive\\Desktop\\New folder (2)\\perseo-backend\\src\\services\\onboardingService.ts","statementMap":{"0":{"start":{"line":27,"column":30},"end":{"line":67,"column":1}},"1":{"start":{"line":31,"column":2},"end":{"line":66,"column":3}},"2":{"start":{"line":32,"column":29},"end":{"line":38,"column":6}},"3":{"start":{"line":40,"column":36},"end":{"line":46,"column":15}},"4":{"start":{"line":48,"column":4},"end":{"line":54,"column":5}},"5":{"start":{"line":49,"column":6},"end":{"line":49,"column":60}},"6":{"start":{"line":50,"column":6},"end":{"line":53,"column":8}},"7":{"start":{"line":56,"column":4},"end":{"line":59,"column":6}},"8":{"start":{"line":61,"column":4},"end":{"line":61,"column":64}},"9":{"start":{"line":62,"column":4},"end":{"line":65,"column":6}},"10":{"start":{"line":74,"column":29},"end":{"line":111,"column":1}},"11":{"start":{"line":77,"column":2},"end":{"line":110,"column":3}},"12":{"start":{"line":78,"column":28},"end":{"line":82,"column":15}},"13":{"start":{"line":84,"column":4},"end":{"line":98,"column":5}},"14":{"start":{"line":86,"column":6},"end":{"line":91,"column":7}},"15":{"start":{"line":87,"column":8},"end":{"line":90,"column":10}},"16":{"start":{"line":93,"column":6},"end":{"line":93,"column":62}},"17":{"start":{"line":94,"column":6},"end":{"line":97,"column":8}},"18":{"start":{"line":100,"column":4},"end":{"line":103,"column":6}},"19":{"start":{"line":105,"column":4},"end":{"line":105,"column":66}},"20":{"start":{"line":106,"column":4},"end":{"line":109,"column":6}}},"fnMap":{"0":{"name":"(anonymous_0)","decl":{"start":{"line":27,"column":30},"end":{"line":27,"column":35}},"loc":{"start":{"line":30,"column":48},"end":{"line":67,"column":1}}},"1":{"name":"(anonymous_1)","decl":{"start":{"line":74,"column":29},"end":{"line":74,"column":34}},"loc":{"start":{"line":76,"column":55},"end":{"line":111,"column":1}}}},"branchMap":{"0":{"loc":{"start":{"line":48,"column":4},"end":{"line":54,"column":5}},"type":"if","locations":[{"start":{"line":48,"column":4},"end":{"line":54,"column":5}}]},"1":{"loc":{"start":{"line":84,"column":4},"end":{"line":98,"column":5}},"type":"if","locations":[{"start":{"line":84,"column":4},"end":{"line":98,"column":5}}]},"2":{"loc":{"start":{"line":86,"column":6},"end":{"line":91,"column":7}},"type":"if","locations":[{"start":{"line":86,"column":6},"end":{"line":91,"column":7}}]}},"s":{"0":0,"1":0,"2":0,"3":0,"4":0,"5":0,"6":0,"7":0,"8":0,"9":0,"10":0,"11":0,"12":0,"13":0,"14":0,"15":0,"16":0,"17":0,"18":0,"19":0,"20":0},"f":{"0":0,"1":0},"b":{"0":[0],"1":[0],"2":[0]}}
}
