TN:
SF:src\index.ts
FN:23,(anonymous_0)
FN:36,(anonymous_1)
FN:44,(anonymous_2)
FNF:3
FNH:0
FNDA:0,(anonymous_0)
FNDA:0,(anonymous_1)
FNDA:0,(anonymous_2)
DA:9,0
DA:11,0
DA:12,0
DA:15,0
DA:19,0
DA:20,0
DA:23,0
DA:24,0
DA:31,0
DA:32,0
DA:33,0
DA:36,0
DA:37,0
DA:44,0
DA:45,0
DA:46,0
DA:49,0
DA:50,0
DA:51,0
LF:19
LH:0
BRDA:12,0,0,0
BRDA:12,0,1,0
BRDA:49,1,0,0
BRF:3
BRH:0
end_of_record
TN:
SF:src\composio\client.ts
FNF:0
FNH:0
DA:5,0
DA:7,0
LF:2
LH:0
BRF:0
BRH:0
end_of_record
TN:
SF:src\db\supabaseClient.ts
FN:20,(anonymous_0)
FNF:1
FNH:0
FNDA:0,(anonymous_0)
DA:4,0
DA:5,0
DA:7,0
DA:8,0
DA:12,0
DA:20,0
DA:21,0
LF:7
LH:0
BRDA:7,0,0,0
BRDA:7,1,0,0
BRDA:7,1,1,0
BRF:3
BRH:0
end_of_record
TN:
SF:src\routes\chat.ts
FN:8,(anonymous_0)
FN:102,(anonymous_1)
FNF:2
FNH:0
FNDA:0,(anonymous_0)
FNDA:0,(anonymous_1)
DA:5,0
DA:8,0
DA:9,0
DA:10,0
DA:12,0
DA:13,0
DA:16,0
DA:19,0
DA:21,0
DA:24,0
DA:27,0
DA:28,0
DA:29,0
DA:31,0
DA:33,0
DA:39,0
DA:42,0
DA:43,0
DA:44,0
DA:45,0
DA:46,0
DA:48,0
DA:55,0
DA:57,0
DA:58,0
DA:66,0
DA:68,0
DA:69,0
DA:70,0
DA:72,0
DA:74,0
DA:75,0
DA:76,0
DA:77,0
DA:79,0
DA:80,0
DA:81,0
DA:82,0
DA:84,0
DA:85,0
DA:86,0
DA:88,0
DA:89,0
DA:90,0
DA:92,0
DA:96,0
DA:97,0
DA:99,0
DA:102,0
DA:103,0
DA:104,0
DA:105,0
DA:106,0
DA:107,0
DA:110,0
DA:112,0
DA:113,0
DA:114,0
DA:115,0
DA:118,0
DA:119,0
DA:122,0
DA:123,0
DA:127,0
DA:131,0
DA:137,0
DA:138,0
LF:67
LH:0
BRDA:12,0,0,0
BRDA:12,1,0,0
BRDA:12,1,1,0
BRDA:42,2,0,0
BRDA:42,3,0,0
BRDA:42,3,1,0
BRDA:60,4,0,0
BRDA:60,4,1,0
BRDA:68,5,0,0
BRDA:69,6,0,0
BRDA:69,6,1,0
BRDA:72,7,0,0
BRDA:72,7,1,0
BRDA:75,8,0,0
BRDA:75,8,1,0
BRDA:77,9,0,0
BRDA:79,10,0,0
BRDA:79,10,1,0
BRDA:79,10,2,0
BRDA:80,11,0,0
BRDA:80,11,1,0
BRDA:85,12,0,0
BRDA:85,12,1,0
BRDA:85,12,2,0
BRDA:86,13,0,0
BRDA:86,13,1,0
BRDA:86,14,0,0
BRDA:86,14,1,0
BRDA:88,15,0,0
BRDA:88,15,1,0
BRDA:89,16,0,0
BRDA:89,16,1,0
BRDA:96,17,0,0
BRDA:96,17,1,0
BRDA:104,18,0,0
BRDA:104,18,1,0
BRDA:104,18,2,0
BRDA:104,18,3,0
BRDA:105,19,0,0
BRDA:105,19,1,0
BRDA:105,19,2,0
BRDA:106,20,0,0
BRDA:106,20,1,0
BRDA:106,20,2,0
BRDA:106,20,3,0
BRDA:106,20,4,0
BRDA:106,20,5,0
BRDA:107,21,0,0
BRDA:107,21,1,0
BRDA:107,21,2,0
BRDA:107,21,3,0
BRDA:107,21,4,0
BRDA:118,22,0,0
BRDA:140,23,0,0
BRDA:140,23,1,0
BRF:55
BRH:0
end_of_record
TN:
SF:src\routes\gmail.ts
FN:8,(anonymous_0)
FN:36,(anonymous_1)
FN:71,(anonymous_2)
FN:75,(anonymous_3)
FN:92,(anonymous_4)
FN:103,(anonymous_5)
FN:131,(anonymous_6)
FN:155,(anonymous_7)
FN:171,(anonymous_8)
FN:270,(anonymous_9)
FN:313,(anonymous_10)
FN:420,(anonymous_11)
FN:440,(anonymous_12)
FN:484,(anonymous_13)
FN:513,(anonymous_14)
FN:571,(anonymous_15)
FN:600,(anonymous_16)
FN:658,(anonymous_17)
FN:694,(anonymous_18)
FN:742,(anonymous_19)
FN:769,(anonymous_20)
FN:814,(anonymous_21)
FN:834,(anonymous_22)
FN:843,(anonymous_23)
FN:856,(anonymous_24)
FN:862,(anonymous_25)
FN:870,(anonymous_26)
FN:873,(anonymous_27)
FN:878,(anonymous_28)
FN:879,(anonymous_29)
FN:880,(anonymous_30)
FN:897,(anonymous_31)
FN:909,(anonymous_32)
FN:1051,(anonymous_33)
FN:1079,(anonymous_34)
FN:1091,(anonymous_35)
FN:1131,(anonymous_36)
FN:1141,(anonymous_37)
FN:1161,(anonymous_38)
FNF:39
FNH:0
FNDA:0,(anonymous_0)
FNDA:0,(anonymous_1)
FNDA:0,(anonymous_2)
FNDA:0,(anonymous_3)
FNDA:0,(anonymous_4)
FNDA:0,(anonymous_5)
FNDA:0,(anonymous_6)
FNDA:0,(anonymous_7)
FNDA:0,(anonymous_8)
FNDA:0,(anonymous_9)
FNDA:0,(anonymous_10)
FNDA:0,(anonymous_11)
FNDA:0,(anonymous_12)
FNDA:0,(anonymous_13)
FNDA:0,(anonymous_14)
FNDA:0,(anonymous_15)
FNDA:0,(anonymous_16)
FNDA:0,(anonymous_17)
FNDA:0,(anonymous_18)
FNDA:0,(anonymous_19)
FNDA:0,(anonymous_20)
FNDA:0,(anonymous_21)
FNDA:0,(anonymous_22)
FNDA:0,(anonymous_23)
FNDA:0,(anonymous_24)
FNDA:0,(anonymous_25)
FNDA:0,(anonymous_26)
FNDA:0,(anonymous_27)
FNDA:0,(anonymous_28)
FNDA:0,(anonymous_29)
FNDA:0,(anonymous_30)
FNDA:0,(anonymous_31)
FNDA:0,(anonymous_32)
FNDA:0,(anonymous_33)
FNDA:0,(anonymous_34)
FNDA:0,(anonymous_35)
FNDA:0,(anonymous_36)
FNDA:0,(anonymous_37)
FNDA:0,(anonymous_38)
DA:5,0
DA:8,0
DA:9,0
DA:10,0
DA:12,0
DA:13,0
DA:18,0
DA:19,0
DA:22,0
DA:24,0
DA:30,0
DA:31,0
DA:36,0
DA:37,0
DA:38,0
DA:40,0
DA:41,0
DA:45,0
DA:46,0
DA:47,0
DA:49,0
DA:55,0
DA:56,0
DA:57,0
DA:62,0
DA:65,0
DA:66,0
DA:71,0
DA:72,0
DA:73,0
DA:75,0
DA:81,0
DA:86,0
DA:87,0
DA:92,0
DA:93,0
DA:94,0
DA:96,0
DA:97,0
DA:101,0
DA:102,0
DA:103,0
DA:104,0
DA:107,0
DA:108,0
DA:109,0
DA:110,0
DA:113,0
DA:119,0
DA:125,0
DA:126,0
DA:131,0
DA:132,0
DA:133,0
DA:135,0
DA:137,0
DA:140,0
DA:141,0
DA:146,0
DA:149,0
DA:150,0
DA:155,0
DA:156,0
DA:157,0
DA:159,0
DA:160,0
DA:163,0
DA:164,0
DA:170,0
DA:171,0
DA:172,0
DA:175,0
DA:176,0
DA:181,0
DA:182,0
DA:183,0
DA:184,0
DA:187,0
DA:188,0
DA:189,0
DA:190,0
DA:192,0
DA:193,0
DA:196,0
DA:198,0
DA:199,0
DA:204,0
DA:207,0
DA:208,0
DA:211,0
DA:213,0
DA:222,0
DA:224,0
DA:225,0
DA:226,0
DA:227,0
DA:238,0
DA:239,0
DA:240,0
DA:242,0
DA:243,0
DA:244,0
DA:249,0
DA:250,0
DA:253,0
DA:255,0
DA:261,0
DA:262,0
DA:270,0
DA:271,0
DA:285,0
DA:288,0
DA:289,0
DA:293,0
DA:298,0
DA:299,0
DA:305,0
DA:306,0
DA:312,0
DA:313,0
DA:314,0
DA:317,0
DA:318,0
DA:322,0
DA:323,0
DA:326,0
DA:331,0
DA:332,0
DA:333,0
DA:335,0
DA:340,0
DA:341,0
DA:345,0
DA:346,0
DA:350,0
DA:351,0
DA:355,0
DA:356,0
DA:359,0
DA:360,0
DA:364,0
DA:365,0
DA:369,0
DA:370,0
DA:374,0
DA:375,0
DA:378,0
DA:380,0
DA:381,0
DA:385,0
DA:387,0
DA:388,0
DA:390,0
DA:392,0
DA:411,0
DA:412,0
DA:420,0
DA:421,0
DA:425,0
DA:428,0
DA:429,0
DA:432,0
DA:433,0
DA:439,0
DA:440,0
DA:441,0
DA:444,0
DA:445,0
DA:449,0
DA:450,0
DA:453,0
DA:457,0
DA:463,0
DA:475,0
DA:476,0
DA:484,0
DA:485,0
DA:492,0
DA:495,0
DA:496,0
DA:499,0
DA:500,0
DA:505,0
DA:506,0
DA:512,0
DA:513,0
DA:514,0
DA:517,0
DA:518,0
DA:522,0
DA:523,0
DA:526,0
DA:532,0
DA:533,0
DA:537,0
DA:538,0
DA:541,0
DA:544,0
DA:545,0
DA:547,0
DA:549,0
DA:562,0
DA:563,0
DA:571,0
DA:572,0
DA:578,0
DA:581,0
DA:582,0
DA:585,0
DA:586,0
DA:592,0
DA:593,0
DA:599,0
DA:600,0
DA:601,0
DA:604,0
DA:605,0
DA:609,0
DA:610,0
DA:613,0
DA:618,0
DA:619,0
DA:623,0
DA:624,0
DA:627,0
DA:630,0
DA:631,0
DA:633,0
DA:635,0
DA:649,0
DA:650,0
DA:658,0
DA:659,0
DA:664,0
DA:667,0
DA:668,0
DA:671,0
DA:672,0
DA:677,0
DA:678,0
DA:684,0
DA:685,0
DA:686,0
DA:693,0
DA:694,0
DA:695,0
DA:698,0
DA:699,0
DA:703,0
DA:704,0
DA:707,0
DA:712,0
DA:715,0
DA:716,0
DA:718,0
DA:720,0
DA:733,0
DA:734,0
DA:742,0
DA:743,0
DA:744,0
DA:745,0
DA:748,0
DA:749,0
DA:752,0
DA:753,0
DA:759,0
DA:760,0
DA:761,0
DA:768,0
DA:769,0
DA:770,0
DA:773,0
DA:774,0
DA:778,0
DA:779,0
DA:782,0
DA:787,0
DA:788,0
DA:791,0
DA:794,0
DA:795,0
DA:797,0
DA:800,0
DA:803,0
DA:805,0
DA:814,0
DA:825,0
DA:826,0
DA:834,0
DA:835,0
DA:836,0
DA:838,0
DA:840,0
DA:841,0
DA:843,0
DA:844,0
DA:845,0
DA:846,0
DA:849,0
DA:850,0
DA:852,0
DA:856,0
DA:857,0
DA:862,0
DA:863,0
DA:869,0
DA:870,0
DA:872,0
DA:873,0
DA:875,0
DA:878,0
DA:879,0
DA:880,0
DA:888,0
DA:889,0
DA:897,0
DA:898,0
DA:899,0
DA:901,0
DA:902,0
DA:905,0
DA:908,0
DA:909,0
DA:910,0
DA:913,0
DA:914,0
DA:917,0
DA:921,0
DA:922,0
DA:923,0
DA:924,0
DA:927,0
DA:928,0
DA:929,0
DA:930,0
DA:932,0
DA:933,0
DA:936,0
DA:938,0
DA:939,0
DA:944,0
DA:945,0
DA:948,0
DA:949,0
DA:952,0
DA:953,0
DA:956,0
DA:965,0
DA:967,0
DA:968,0
DA:969,0
DA:972,0
DA:982,0
DA:983,0
DA:984,0
DA:986,0
DA:987,0
DA:989,0
DA:994,0
DA:995,0
DA:998,0
DA:999,0
DA:1002,0
DA:1003,0
DA:1005,0
DA:1013,0
DA:1014,0
DA:1017,0
DA:1018,0
DA:1029,0
DA:1030,0
DA:1032,0
DA:1037,0
DA:1038,0
DA:1042,0
DA:1043,0
DA:1051,0
DA:1052,0
DA:1053,0
DA:1055,0
DA:1056,0
DA:1060,0
DA:1062,0
DA:1064,0
DA:1070,0
DA:1071,0
DA:1079,0
DA:1080,0
DA:1081,0
DA:1083,0
DA:1084,0
DA:1087,0
DA:1090,0
DA:1091,0
DA:1093,0
DA:1094,0
DA:1097,0
DA:1100,0
DA:1101,0
DA:1102,0
DA:1103,0
DA:1104,0
DA:1105,0
DA:1106,0
DA:1108,0
DA:1109,0
DA:1112,0
DA:1115,0
DA:1122,0
DA:1123,0
DA:1131,0
DA:1132,0
DA:1133,0
DA:1135,0
DA:1136,0
DA:1140,0
DA:1141,0
DA:1143,0
DA:1144,0
DA:1147,0
DA:1149,0
DA:1155,0
DA:1156,0
DA:1161,0
DA:1162,0
DA:1163,0
DA:1166,0
DA:1168,0
DA:1171,0
DA:1173,0
DA:1175,0
DA:1181,0
DA:1182,0
LF:434
LH:0
BRDA:12,0,0,0
BRDA:18,1,0,0
BRDA:18,1,1,0
BRDA:40,2,0,0
BRDA:55,3,0,0
BRDA:96,4,0,0
BRDA:104,5,0,0
BRDA:104,5,1,0
BRDA:107,6,0,0
BRDA:115,7,0,0
BRDA:115,7,1,0
BRDA:135,8,0,0
BRDA:137,9,0,0
BRDA:137,9,1,0
BRDA:140,10,0,0
BRDA:146,11,0,0
BRDA:146,11,1,0
BRDA:146,12,0,0
BRDA:146,12,1,0
BRDA:150,13,0,0
BRDA:150,13,1,0
BRDA:157,14,0,0
BRDA:159,15,0,0
BRDA:163,16,0,0
BRDA:163,17,0,0
BRDA:163,17,1,0
BRDA:163,17,2,0
BRDA:172,18,0,0
BRDA:172,18,1,0
BRDA:175,19,0,0
BRDA:183,20,0,0
BRDA:183,21,0,0
BRDA:183,21,1,0
BRDA:192,22,0,0
BRDA:243,23,0,0
BRDA:249,24,0,0
BRDA:264,25,0,0
BRDA:264,25,1,0
BRDA:275,26,0,0
BRDA:276,27,0,0
BRDA:277,28,0,0
BRDA:280,29,0,0
BRDA:281,30,0,0
BRDA:282,31,0,0
BRDA:283,32,0,0
BRDA:284,33,0,0
BRDA:288,34,0,0
BRDA:293,35,0,0
BRDA:293,35,1,0
BRDA:293,35,2,0
BRDA:293,35,3,0
BRDA:293,35,4,0
BRDA:293,35,5,0
BRDA:293,35,6,0
BRDA:298,36,0,0
BRDA:305,37,0,0
BRDA:305,38,0,0
BRDA:305,38,1,0
BRDA:314,39,0,0
BRDA:314,39,1,0
BRDA:317,40,0,0
BRDA:331,41,0,0
BRDA:332,42,0,0
BRDA:332,42,1,0
BRDA:340,43,0,0
BRDA:340,44,0,0
BRDA:340,44,1,0
BRDA:341,45,0,0
BRDA:341,45,1,0
BRDA:345,46,0,0
BRDA:345,47,0,0
BRDA:345,47,1,0
BRDA:346,48,0,0
BRDA:346,48,1,0
BRDA:350,49,0,0
BRDA:350,50,0,0
BRDA:350,50,1,0
BRDA:351,51,0,0
BRDA:351,51,1,0
BRDA:355,52,0,0
BRDA:359,53,0,0
BRDA:364,54,0,0
BRDA:369,55,0,0
BRDA:374,56,0,0
BRDA:378,57,0,0
BRDA:378,58,0,0
BRDA:378,58,1,0
BRDA:380,59,0,0
BRDA:397,60,0,0
BRDA:397,60,1,0
BRDA:397,60,2,0
BRDA:397,60,3,0
BRDA:398,61,0,0
BRDA:398,61,1,0
BRDA:398,61,2,0
BRDA:399,62,0,0
BRDA:399,62,1,0
BRDA:399,62,2,0
BRDA:401,63,0,0
BRDA:401,63,1,0
BRDA:402,64,0,0
BRDA:402,64,1,0
BRDA:403,65,0,0
BRDA:403,65,1,0
BRDA:404,66,0,0
BRDA:404,66,1,0
BRDA:414,67,0,0
BRDA:414,67,1,0
BRDA:428,68,0,0
BRDA:432,69,0,0
BRDA:441,70,0,0
BRDA:441,70,1,0
BRDA:444,71,0,0
BRDA:478,72,0,0
BRDA:478,72,1,0
BRDA:491,73,0,0
BRDA:495,74,0,0
BRDA:499,75,0,0
BRDA:505,76,0,0
BRDA:514,77,0,0
BRDA:514,77,1,0
BRDA:517,78,0,0
BRDA:532,79,0,0
BRDA:537,80,0,0
BRDA:537,81,0,0
BRDA:537,81,1,0
BRDA:554,82,0,0
BRDA:554,82,1,0
BRDA:554,82,2,0
BRDA:556,83,0,0
BRDA:556,83,1,0
BRDA:565,84,0,0
BRDA:565,84,1,0
BRDA:576,85,0,0
BRDA:577,86,0,0
BRDA:581,87,0,0
BRDA:585,88,0,0
BRDA:592,89,0,0
BRDA:592,90,0,0
BRDA:592,90,1,0
BRDA:592,90,2,0
BRDA:592,90,3,0
BRDA:601,91,0,0
BRDA:601,91,1,0
BRDA:604,92,0,0
BRDA:618,93,0,0
BRDA:618,94,0,0
BRDA:618,94,1,0
BRDA:623,95,0,0
BRDA:623,96,0,0
BRDA:623,96,1,0
BRDA:641,97,0,0
BRDA:641,97,1,0
BRDA:641,97,2,0
BRDA:652,98,0,0
BRDA:652,98,1,0
BRDA:667,99,0,0
BRDA:671,100,0,0
BRDA:677,101,0,0
BRDA:685,102,0,0
BRDA:695,103,0,0
BRDA:695,103,1,0
BRDA:698,104,0,0
BRDA:727,105,0,0
BRDA:727,105,1,0
BRDA:736,106,0,0
BRDA:736,106,1,0
BRDA:745,107,0,0
BRDA:748,108,0,0
BRDA:752,109,0,0
BRDA:760,110,0,0
BRDA:760,111,0,0
BRDA:760,111,1,0
BRDA:770,112,0,0
BRDA:770,112,1,0
BRDA:773,113,0,0
BRDA:787,114,0,0
BRDA:800,115,0,0
BRDA:800,115,1,0
BRDA:812,116,0,0
BRDA:812,116,1,0
BRDA:812,116,2,0
BRDA:813,117,0,0
BRDA:813,117,1,0
BRDA:813,117,2,0
BRDA:813,117,3,0
BRDA:814,118,0,0
BRDA:814,118,1,0
BRDA:814,118,2,0
BRDA:815,119,0,0
BRDA:815,119,1,0
BRDA:815,119,2,0
BRDA:816,120,0,0
BRDA:816,120,1,0
BRDA:816,120,2,0
BRDA:817,121,0,0
BRDA:817,121,1,0
BRDA:818,122,0,0
BRDA:818,122,1,0
BRDA:818,122,2,0
BRDA:819,123,0,0
BRDA:819,123,1,0
BRDA:819,123,2,0
BRDA:828,124,0,0
BRDA:828,124,1,0
BRDA:844,125,0,0
BRDA:844,125,1,0
BRDA:846,126,0,0
BRDA:846,126,1,0
BRDA:849,127,0,0
BRDA:849,128,0,0
BRDA:849,128,1,0
BRDA:857,129,0,0
BRDA:857,129,1,0
BRDA:857,129,2,0
BRDA:863,130,0,0
BRDA:863,130,1,0
BRDA:863,130,2,0
BRDA:863,130,3,0
BRDA:881,131,0,0
BRDA:881,131,1,0
BRDA:882,132,0,0
BRDA:882,132,1,0
BRDA:883,133,0,0
BRDA:883,133,1,0
BRDA:884,134,0,0
BRDA:884,134,1,0
BRDA:891,135,0,0
BRDA:891,135,1,0
BRDA:901,136,0,0
BRDA:910,137,0,0
BRDA:910,137,1,0
BRDA:913,138,0,0
BRDA:923,139,0,0
BRDA:923,140,0,0
BRDA:923,140,1,0
BRDA:932,141,0,0
BRDA:987,142,0,0
BRDA:994,143,0,0
BRDA:1002,144,0,0
BRDA:1002,144,1,0
BRDA:1003,145,0,0
BRDA:1003,145,1,0
BRDA:1034,146,0,0
BRDA:1034,146,1,0
BRDA:1045,147,0,0
BRDA:1045,147,1,0
BRDA:1055,148,0,0
BRDA:1073,149,0,0
BRDA:1073,149,1,0
BRDA:1083,150,0,0
BRDA:1093,151,0,0
BRDA:1102,152,0,0
BRDA:1102,153,0,0
BRDA:1102,153,1,0
BRDA:1125,154,0,0
BRDA:1125,154,1,0
BRDA:1135,155,0,0
BRDA:1143,156,0,0
BRDA:1166,157,0,0
BRDA:1166,157,1,0
BRDA:1185,158,0,0
BRDA:1185,158,1,0
BRF:263
BRH:0
end_of_record
TN:
SF:src\routes\onboarding.ts
FN:11,(anonymous_0)
FN:51,(anonymous_1)
FNF:2
FNH:0
FNDA:0,(anonymous_0)
FNDA:0,(anonymous_1)
DA:5,0
DA:11,0
DA:12,0
DA:13,0
DA:16,0
DA:17,0
DA:23,0
DA:24,0
DA:26,0
DA:27,0
DA:33,0
DA:39,0
DA:40,0
DA:51,0
DA:52,0
DA:53,0
DA:54,0
DA:56,0
DA:57,0
DA:63,0
DA:69,0
DA:70,0
LF:22
LH:0
BRDA:16,0,0,0
BRDA:16,1,0,0
BRDA:16,1,1,0
BRDA:16,1,2,0
BRDA:26,2,0,0
BRDA:29,3,0,0
BRDA:29,3,1,0
BRDA:56,4,0,0
BRDA:59,5,0,0
BRDA:59,5,1,0
BRF:10
BRH:0
end_of_record
TN:
SF:src\services\composioService.ts
FN:29,getGmailTools
FN:40,(anonymous_1)
FN:65,(anonymous_2)
FN:66,(anonymous_3)
FN:67,(anonymous_4)
FN:68,(anonymous_5)
FN:69,(anonymous_6)
FN:70,(anonymous_7)
FN:71,(anonymous_8)
FN:72,(anonymous_9)
FN:77,(anonymous_10)
FN:80,(anonymous_11)
FN:91,(anonymous_12)
FN:105,categorizeGmailTool
FN:155,isValidGmailTool
FN:183,getGmailToolInfo
FN:186,(anonymous_16)
FN:201,executeGmailTool
FN:250,sendArguments
FN:290,executeBatchGmailTools
FN:338,(anonymous_20)
FN:352,getFilteredGmailTools
FN:364,(anonymous_22)
FN:370,(anonymous_23)
FNF:24
FNH:0
FNDA:0,getGmailTools
FNDA:0,(anonymous_1)
FNDA:0,(anonymous_2)
FNDA:0,(anonymous_3)
FNDA:0,(anonymous_4)
FNDA:0,(anonymous_5)
FNDA:0,(anonymous_6)
FNDA:0,(anonymous_7)
FNDA:0,(anonymous_8)
FNDA:0,(anonymous_9)
FNDA:0,(anonymous_10)
FNDA:0,(anonymous_11)
FNDA:0,(anonymous_12)
FNDA:0,categorizeGmailTool
FNDA:0,isValidGmailTool
FNDA:0,getGmailToolInfo
FNDA:0,(anonymous_16)
FNDA:0,executeGmailTool
FNDA:0,sendArguments
FNDA:0,executeBatchGmailTools
FNDA:0,(anonymous_20)
FNDA:0,getFilteredGmailTools
FNDA:0,(anonymous_22)
FNDA:0,(anonymous_23)
DA:30,0
DA:31,0
DA:34,0
DA:36,0
DA:37,0
DA:40,0
DA:42,0
DA:43,0
DA:44,0
DA:48,0
DA:49,0
DA:50,0
DA:52,0
DA:64,0
DA:65,0
DA:66,0
DA:67,0
DA:68,0
DA:69,0
DA:70,0
DA:71,0
DA:72,0
DA:76,0
DA:77,0
DA:78,0
DA:79,0
DA:80,0
DA:81,0
DA:86,0
DA:91,0
DA:95,0
DA:96,0
DA:106,0
DA:108,0
DA:111,0
DA:112,0
DA:116,0
DA:117,0
DA:121,0
DA:122,0
DA:126,0
DA:127,0
DA:131,0
DA:132,0
DA:136,0
DA:137,0
DA:141,0
DA:143,0
DA:146,0
DA:156,0
DA:157,0
DA:160,0
DA:161,0
DA:165,0
DA:166,0
DA:167,0
DA:170,0
DA:172,0
DA:173,0
DA:184,0
DA:185,0
DA:186,0
DA:188,0
DA:189,0
DA:207,0
DA:208,0
DA:209,0
DA:212,0
DA:213,0
DA:214,0
DA:215,0
DA:219,0
DA:227,0
DA:228,0
DA:230,0
DA:238,0
DA:239,0
DA:251,0
DA:252,0
DA:253,0
DA:256,0
DA:258,0
DA:266,0
DA:267,0
DA:269,0
DA:278,0
DA:279,0
DA:295,0
DA:296,0
DA:298,0
DA:299,0
DA:300,0
DA:301,0
DA:303,0
DA:310,0
DA:318,0
DA:325,0
DA:326,0
DA:328,0
DA:329,0
DA:330,0
DA:335,0
DA:338,0
DA:357,0
DA:358,0
DA:360,0
DA:363,0
DA:364,0
DA:368,0
DA:369,0
DA:370,0
DA:371,0
DA:377,0
DA:390,0
DA:391,0
LF:115
LH:0
BRDA:42,0,0,0
BRDA:48,1,0,0
BRDA:48,1,1,0
BRDA:49,2,0,0
BRDA:49,2,1,0
BRDA:50,3,0,0
BRDA:50,3,1,0
BRDA:57,4,0,0
BRDA:57,4,1,0
BRDA:78,5,0,0
BRDA:96,6,0,0
BRDA:96,6,1,0
BRDA:106,7,0,0
BRDA:111,8,0,0
BRDA:111,9,0,0
BRDA:111,9,1,0
BRDA:111,9,2,0
BRDA:111,9,3,0
BRDA:116,10,0,0
BRDA:116,11,0,0
BRDA:116,11,1,0
BRDA:121,12,0,0
BRDA:126,13,0,0
BRDA:126,14,0,0
BRDA:126,14,1,0
BRDA:131,15,0,0
BRDA:131,16,0,0
BRDA:131,16,1,0
BRDA:136,17,0,0
BRDA:136,18,0,0
BRDA:136,18,1,0
BRDA:141,19,0,0
BRDA:141,20,0,0
BRDA:141,20,1,0
BRDA:141,20,2,0
BRDA:141,20,3,0
BRDA:141,20,4,0
BRDA:141,20,5,0
BRDA:157,21,0,0
BRDA:160,22,0,0
BRDA:165,23,0,0
BRDA:186,24,0,0
BRDA:186,24,1,0
BRDA:205,25,0,0
BRDA:212,26,0,0
BRDA:214,27,0,0
BRDA:233,28,0,0
BRDA:233,28,1,0
BRDA:239,29,0,0
BRDA:239,29,1,0
BRDA:256,30,0,0
BRDA:256,30,1,0
BRDA:272,31,0,0
BRDA:272,31,1,0
BRDA:279,32,0,0
BRDA:279,32,1,0
BRDA:293,33,0,0
BRDA:322,34,0,0
BRDA:322,34,1,0
BRDA:328,35,0,0
BRDA:363,36,0,0
BRDA:363,37,0,0
BRDA:363,37,1,0
BRDA:368,38,0,0
BRDA:371,39,0,0
BRDA:371,39,1,0
BRDA:371,39,2,0
BRDA:384,40,0,0
BRDA:384,40,1,0
BRDA:385,41,0,0
BRDA:385,41,1,0
BRDA:391,42,0,0
BRDA:391,42,1,0
BRF:73
BRH:0
end_of_record
TN:
SF:src\services\gemini.ts
FN:119,(anonymous_0)
FN:133,(anonymous_1)
FN:142,(anonymous_2)
FN:183,(anonymous_3)
FNF:4
FNH:0
FNDA:0,(anonymous_0)
FNDA:0,(anonymous_1)
FNDA:0,(anonymous_2)
FNDA:0,(anonymous_3)
DA:4,0
DA:6,0
DA:8,0
DA:9,0
DA:13,0
DA:16,0
DA:119,0
DA:120,0
DA:121,0
DA:124,0
DA:129,0
DA:133,0
DA:134,0
DA:135,0
DA:136,0
DA:139,0
DA:142,0
DA:143,0
DA:151,0
DA:152,0
DA:153,0
DA:155,0
DA:158,0
DA:160,0
DA:163,0
DA:164,0
DA:165,0
DA:168,0
DA:169,0
DA:170,0
DA:173,0
DA:179,0
DA:183,0
DA:184,0
DA:187,0
DA:188,0
DA:190,0
DA:191,0
DA:198,0
DA:200,0
LF:40
LH:0
BRDA:8,0,0,0
BRDA:13,1,0,0
BRDA:13,1,1,0
BRDA:120,2,0,0
BRDA:135,3,0,0
BRDA:164,4,0,0
BRDA:164,4,1,0
BRDA:169,5,0,0
BRDA:169,5,1,0
BRF:9
BRH:0
end_of_record
TN:
SF:src\services\onboardingService.ts
FN:27,(anonymous_0)
FN:74,(anonymous_1)
FNF:2
FNH:0
FNDA:0,(anonymous_0)
FNDA:0,(anonymous_1)
DA:27,0
DA:31,0
DA:32,0
DA:40,0
DA:48,0
DA:49,0
DA:50,0
DA:56,0
DA:61,0
DA:62,0
DA:74,0
DA:77,0
DA:78,0
DA:84,0
DA:86,0
DA:87,0
DA:93,0
DA:94,0
DA:100,0
DA:105,0
DA:106,0
LF:21
LH:0
BRDA:48,0,0,0
BRDA:84,1,0,0
BRDA:86,2,0,0
BRF:3
BRH:0
end_of_record
